{"meta": {"format": 3, "version": "7.9.1", "timestamp": "2025-06-21T00:56:54.855770", "branch_coverage": false, "show_contexts": false}, "files": {"mcp-oauth-dynamicclient/src/mcp_oauth_dynamicclient/__init__.py": {"executed_lines": [], "summary": {"covered_lines": 0, "num_statements": 5, "percent_covered": 0.0, "percent_covered_display": "0", "missing_lines": 5, "excluded_lines": 0}, "missing_lines": [6, 8, 9, 10, 16], "excluded_lines": [], "functions": {"": {"executed_lines": [], "summary": {"covered_lines": 0, "num_statements": 5, "percent_covered": 0.0, "percent_covered_display": "0", "missing_lines": 5, "excluded_lines": 0}, "missing_lines": [6, 8, 9, 10, 16], "excluded_lines": []}}, "classes": {"": {"executed_lines": [], "summary": {"covered_lines": 0, "num_statements": 5, "percent_covered": 0.0, "percent_covered_display": "0", "missing_lines": 5, "excluded_lines": 0}, "missing_lines": [6, 8, 9, 10, 16], "excluded_lines": []}}}, "mcp-oauth-dynamicclient/src/mcp_oauth_dynamicclient/__main__.py": {"executed_lines": [], "summary": {"covered_lines": 0, "num_statements": 3, "percent_covered": 0.0, "percent_covered_display": "0", "missing_lines": 3, "excluded_lines": 0}, "missing_lines": [4, 6, 7], "excluded_lines": [], "functions": {"": {"executed_lines": [], "summary": {"covered_lines": 0, "num_statements": 3, "percent_covered": 0.0, "percent_covered_display": "0", "missing_lines": 3, "excluded_lines": 0}, "missing_lines": [4, 6, 7], "excluded_lines": []}}, "classes": {"": {"executed_lines": [], "summary": {"covered_lines": 0, "num_statements": 3, "percent_covered": 0.0, "percent_covered_display": "0", "missing_lines": 3, "excluded_lines": 0}, "missing_lines": [4, 6, 7], "excluded_lines": []}}}, "mcp-oauth-dynamicclient/src/mcp_oauth_dynamicclient/async_resource_protector.py": {"executed_lines": [], "summary": {"covered_lines": 0, "num_statements": 29, "percent_covered": 0.0, "percent_covered_display": "0", "missing_lines": 29, "excluded_lines": 0}, "missing_lines": [6, 7, 8, 10, 11, 12, 14, 15, 16, 19, 25, 26, 27, 28, 29, 31, 42, 43, 44, 54, 55, 56, 65, 68, 70, 71, 80, 83, 95], "excluded_lines": [], "functions": {"AsyncResourceProtector.__init__": {"executed_lines": [], "summary": {"covered_lines": 0, "num_statements": 4, "percent_covered": 0.0, "percent_covered_display": "0", "missing_lines": 4, "excluded_lines": 0}, "missing_lines": [26, 27, 28, 29], "excluded_lines": []}, "AsyncResourceProtector.validate_request": {"executed_lines": [], "summary": {"covered_lines": 0, "num_statements": 11, "percent_covered": 0.0, "percent_covered_display": "0", "missing_lines": 11, "excluded_lines": 0}, "missing_lines": [42, 43, 44, 54, 55, 56, 65, 68, 70, 71, 80], "excluded_lines": []}, "create_async_resource_protector": {"executed_lines": [], "summary": {"covered_lines": 0, "num_statements": 1, "percent_covered": 0.0, "percent_covered_display": "0", "missing_lines": 1, "excluded_lines": 0}, "missing_lines": [95], "excluded_lines": []}, "": {"executed_lines": [], "summary": {"covered_lines": 0, "num_statements": 13, "percent_covered": 0.0, "percent_covered_display": "0", "missing_lines": 13, "excluded_lines": 0}, "missing_lines": [6, 7, 8, 10, 11, 12, 14, 15, 16, 19, 25, 31, 83], "excluded_lines": []}}, "classes": {"AsyncResourceProtector": {"executed_lines": [], "summary": {"covered_lines": 0, "num_statements": 15, "percent_covered": 0.0, "percent_covered_display": "0", "missing_lines": 15, "excluded_lines": 0}, "missing_lines": [26, 27, 28, 29, 42, 43, 44, 54, 55, 56, 65, 68, 70, 71, 80], "excluded_lines": []}, "": {"executed_lines": [], "summary": {"covered_lines": 0, "num_statements": 14, "percent_covered": 0.0, "percent_covered_display": "0", "missing_lines": 14, "excluded_lines": 0}, "missing_lines": [6, 7, 8, 10, 11, 12, 14, 15, 16, 19, 25, 31, 83, 95], "excluded_lines": []}}}, "mcp-oauth-dynamicclient/src/mcp_oauth_dynamicclient/auth.py": {"executed_lines": [], "summary": {"covered_lines": 0, "num_statements": 47, "percent_covered": 0.0, "percent_covered_display": "0", "missing_lines": 47, "excluded_lines": 0}, "missing_lines": [4, 5, 6, 7, 8, 9, 10, 12, 13, 14, 16, 17, 20, 23, 24, 26, 30, 33, 34, 43, 50, 57, 58, 59, 61, 63, 65, 71, 73, 74, 84, 85, 87, 89, 91, 92, 100, 101, 103, 105, 107, 109, 111, 113, 116, 118, 121], "excluded_lines": [], "functions": {"AuthManager.__init__": {"executed_lines": [], "summary": {"covered_lines": 0, "num_statements": 1, "percent_covered": 0.0, "percent_covered_display": "0", "missing_lines": 1, "excluded_lines": 0}, "missing_lines": [24], "excluded_lines": []}, "AuthManager.create_jwt_token": {"executed_lines": [], "summary": {"covered_lines": 0, "num_statements": 9, "percent_covered": 0.0, "percent_covered_display": "0", "missing_lines": 9, "excluded_lines": 0}, "missing_lines": [30, 33, 34, 43, 50, 57, 58, 59, 61], "excluded_lines": []}, "AuthManager.verify_jwt_token": {"executed_lines": [], "summary": {"covered_lines": 0, "num_statements": 1, "percent_covered": 0.0, "percent_covered_display": "0", "missing_lines": 1, "excluded_lines": 0}, "missing_lines": [65], "excluded_lines": []}, "AuthManager.exchange_github_code": {"executed_lines": [], "summary": {"covered_lines": 0, "num_statements": 5, "percent_covered": 0.0, "percent_covered_display": "0", "missing_lines": 5, "excluded_lines": 0}, "missing_lines": [73, 74, 84, 85, 87], "excluded_lines": []}, "AuthManager.get_github_user": {"executed_lines": [], "summary": {"covered_lines": 0, "num_statements": 5, "percent_covered": 0.0, "percent_covered_display": "0", "missing_lines": 5, "excluded_lines": 0}, "missing_lines": [91, 92, 100, 101, 103], "excluded_lines": []}, "AuthManager.verify_pkce_challenge": {"executed_lines": [], "summary": {"covered_lines": 0, "num_statements": 7, "percent_covered": 0.0, "percent_covered_display": "0", "missing_lines": 7, "excluded_lines": 0}, "missing_lines": [107, 109, 111, 113, 116, 118, 121], "excluded_lines": []}, "": {"executed_lines": [], "summary": {"covered_lines": 0, "num_statements": 19, "percent_covered": 0.0, "percent_covered_display": "0", "missing_lines": 19, "excluded_lines": 0}, "missing_lines": [4, 5, 6, 7, 8, 9, 10, 12, 13, 14, 16, 17, 20, 23, 26, 63, 71, 89, 105], "excluded_lines": []}}, "classes": {"AuthManager": {"executed_lines": [], "summary": {"covered_lines": 0, "num_statements": 28, "percent_covered": 0.0, "percent_covered_display": "0", "missing_lines": 28, "excluded_lines": 0}, "missing_lines": [24, 30, 33, 34, 43, 50, 57, 58, 59, 61, 65, 73, 74, 84, 85, 87, 91, 92, 100, 101, 103, 107, 109, 111, 113, 116, 118, 121], "excluded_lines": []}, "": {"executed_lines": [], "summary": {"covered_lines": 0, "num_statements": 19, "percent_covered": 0.0, "percent_covered_display": "0", "missing_lines": 19, "excluded_lines": 0}, "missing_lines": [4, 5, 6, 7, 8, 9, 10, 12, 13, 14, 16, 17, 20, 23, 26, 63, 71, 89, 105], "excluded_lines": []}}}, "mcp-oauth-dynamicclient/src/mcp_oauth_dynamicclient/auth_authlib.py": {"executed_lines": [], "summary": {"covered_lines": 0, "num_statements": 144, "percent_covered": 0.0, "percent_covered_display": "0", "missing_lines": 144, "excluded_lines": 0}, "missing_lines": [5, 6, 7, 8, 9, 10, 11, 13, 14, 15, 16, 17, 18, 19, 21, 22, 23, 26, 29, 30, 32, 33, 35, 36, 37, 38, 39, 40, 42, 43, 45, 47, 48, 49, 50, 51, 53, 54, 56, 57, 62, 64, 66, 67, 69, 70, 73, 76, 77, 79, 82, 83, 86, 92, 96, 99, 100, 101, 111, 113, 116, 119, 130, 131, 133, 135, 137, 139, 141, 152, 163, 166, 167, 169, 170, 172, 174, 176, 177, 178, 179, 180, 182, 184, 187, 196, 198, 200, 202, 208, 214, 215, 218, 219, 225, 230, 231, 233, 235, 236, 237, 239, 241, 243, 245, 247, 250, 252, 255, 257, 259, 261, 262, 265, 278, 280, 282, 284, 291, 297, 298, 300, 303, 304, 305, 307, 309, 311, 312, 313, 315, 317, 319, 321, 322, 324, 326, 330, 332, 337, 339, 341, 342, 344], "excluded_lines": [], "functions": {"OAuth2Client.__init__": {"executed_lines": [], "summary": {"covered_lines": 0, "num_statements": 1, "percent_covered": 0.0, "percent_covered_display": "0", "missing_lines": 1, "excluded_lines": 0}, "missing_lines": [30], "excluded_lines": []}, "OAuth2Client.get_client_id": {"executed_lines": [], "summary": {"covered_lines": 0, "num_statements": 1, "percent_covered": 0.0, "percent_covered_display": "0", "missing_lines": 1, "excluded_lines": 0}, "missing_lines": [33], "excluded_lines": []}, "OAuth2Client.get_default_redirect_uri": {"executed_lines": [], "summary": {"covered_lines": 0, "num_statements": 5, "percent_covered": 0.0, "percent_covered_display": "0", "missing_lines": 5, "excluded_lines": 0}, "missing_lines": [36, 37, 38, 39, 40], "excluded_lines": []}, "OAuth2Client.get_allowed_scope": {"executed_lines": [], "summary": {"covered_lines": 0, "num_statements": 1, "percent_covered": 0.0, "percent_covered_display": "0", "missing_lines": 1, "excluded_lines": 0}, "missing_lines": [43], "excluded_lines": []}, "OAuth2Client.check_redirect_uri": {"executed_lines": [], "summary": {"covered_lines": 0, "num_statements": 5, "percent_covered": 0.0, "percent_covered_display": "0", "missing_lines": 5, "excluded_lines": 0}, "missing_lines": [47, 48, 49, 50, 51], "excluded_lines": []}, "OAuth2Client.has_client_secret": {"executed_lines": [], "summary": {"covered_lines": 0, "num_statements": 1, "percent_covered": 0.0, "percent_covered_display": "0", "missing_lines": 1, "excluded_lines": 0}, "missing_lines": [54], "excluded_lines": []}, "OAuth2Client.check_client_secret": {"executed_lines": [], "summary": {"covered_lines": 0, "num_statements": 1, "percent_covered": 0.0, "percent_covered_display": "0", "missing_lines": 1, "excluded_lines": 0}, "missing_lines": [57], "excluded_lines": []}, "OAuth2Client.check_endpoint_auth_method": {"executed_lines": [], "summary": {"covered_lines": 0, "num_statements": 1, "percent_covered": 0.0, "percent_covered_display": "0", "missing_lines": 1, "excluded_lines": 0}, "missing_lines": [64], "excluded_lines": []}, "OAuth2Client.check_response_type": {"executed_lines": [], "summary": {"covered_lines": 0, "num_statements": 1, "percent_covered": 0.0, "percent_covered_display": "0", "missing_lines": 1, "excluded_lines": 0}, "missing_lines": [67], "excluded_lines": []}, "OAuth2Client.check_grant_type": {"executed_lines": [], "summary": {"covered_lines": 0, "num_statements": 1, "percent_covered": 0.0, "percent_covered_display": "0", "missing_lines": 1, "excluded_lines": 0}, "missing_lines": [70], "excluded_lines": []}, "AuthManager.__init__": {"executed_lines": [], "summary": {"covered_lines": 0, "num_statements": 5, "percent_covered": 0.0, "percent_covered_display": "0", "missing_lines": 5, "excluded_lines": 0}, "missing_lines": [77, 79, 82, 83, 86], "excluded_lines": []}, "AuthManager.create_jwt_token": {"executed_lines": [], "summary": {"covered_lines": 0, "num_statements": 11, "percent_covered": 0.0, "percent_covered_display": "0", "missing_lines": 11, "excluded_lines": 0}, "missing_lines": [96, 99, 100, 101, 111, 113, 116, 119, 130, 131, 133], "excluded_lines": []}, "AuthManager.verify_jwt_token": {"executed_lines": [], "summary": {"covered_lines": 0, "num_statements": 16, "percent_covered": 0.0, "percent_covered_display": "0", "missing_lines": 16, "excluded_lines": 0}, "missing_lines": [137, 139, 141, 152, 163, 166, 167, 169, 170, 172, 174, 176, 177, 178, 179, 180], "excluded_lines": []}, "AuthManager.create_refresh_token": {"executed_lines": [], "summary": {"covered_lines": 0, "num_statements": 3, "percent_covered": 0.0, "percent_covered_display": "0", "missing_lines": 3, "excluded_lines": 0}, "missing_lines": [184, 187, 196], "excluded_lines": []}, "AuthManager.exchange_github_code": {"executed_lines": [], "summary": {"covered_lines": 0, "num_statements": 14, "percent_covered": 0.0, "percent_covered_display": "0", "missing_lines": 14, "excluded_lines": 0}, "missing_lines": [200, 202, 208, 214, 215, 218, 219, 225, 230, 231, 233, 235, 236, 237], "excluded_lines": []}, "AuthManager.verify_pkce_challenge": {"executed_lines": [], "summary": {"covered_lines": 0, "num_statements": 7, "percent_covered": 0.0, "percent_covered_display": "0", "missing_lines": 7, "excluded_lines": 0}, "missing_lines": [241, 243, 245, 247, 250, 252, 255], "excluded_lines": []}, "AuthManager.introspect_token": {"executed_lines": [], "summary": {"covered_lines": 0, "num_statements": 4, "percent_covered": 0.0, "percent_covered_display": "0", "missing_lines": 4, "excluded_lines": 0}, "missing_lines": [259, 261, 262, 265], "excluded_lines": []}, "AuthManager.revoke_token": {"executed_lines": [], "summary": {"covered_lines": 0, "num_statements": 16, "percent_covered": 0.0, "percent_covered_display": "0", "missing_lines": 16, "excluded_lines": 0}, "missing_lines": [280, 282, 284, 291, 297, 298, 300, 303, 304, 305, 307, 309, 311, 312, 313, 315], "excluded_lines": []}, "AuthManager.get_client": {"executed_lines": [], "summary": {"covered_lines": 0, "num_statements": 4, "percent_covered": 0.0, "percent_covered_display": "0", "missing_lines": 4, "excluded_lines": 0}, "missing_lines": [319, 321, 322, 324], "excluded_lines": []}, "AuthManager.create_authorization_response": {"executed_lines": [], "summary": {"covered_lines": 0, "num_statements": 3, "percent_covered": 0.0, "percent_covered_display": "0", "missing_lines": 3, "excluded_lines": 0}, "missing_lines": [330, 332, 337], "excluded_lines": []}, "AuthManager.generate_client_credentials": {"executed_lines": [], "summary": {"covered_lines": 0, "num_statements": 3, "percent_covered": 0.0, "percent_covered_display": "0", "missing_lines": 3, "excluded_lines": 0}, "missing_lines": [341, 342, 344], "excluded_lines": []}, "": {"executed_lines": [], "summary": {"covered_lines": 0, "num_statements": 40, "percent_covered": 0.0, "percent_covered_display": "0", "missing_lines": 40, "excluded_lines": 0}, "missing_lines": [5, 6, 7, 8, 9, 10, 11, 13, 14, 15, 16, 17, 18, 19, 21, 22, 23, 26, 29, 32, 35, 42, 45, 53, 56, 62, 66, 69, 73, 76, 92, 135, 182, 198, 239, 257, 278, 317, 326, 339], "excluded_lines": []}}, "classes": {"OAuth2Client": {"executed_lines": [], "summary": {"covered_lines": 0, "num_statements": 18, "percent_covered": 0.0, "percent_covered_display": "0", "missing_lines": 18, "excluded_lines": 0}, "missing_lines": [30, 33, 36, 37, 38, 39, 40, 43, 47, 48, 49, 50, 51, 54, 57, 64, 67, 70], "excluded_lines": []}, "AuthManager": {"executed_lines": [], "summary": {"covered_lines": 0, "num_statements": 86, "percent_covered": 0.0, "percent_covered_display": "0", "missing_lines": 86, "excluded_lines": 0}, "missing_lines": [77, 79, 82, 83, 86, 96, 99, 100, 101, 111, 113, 116, 119, 130, 131, 133, 137, 139, 141, 152, 163, 166, 167, 169, 170, 172, 174, 176, 177, 178, 179, 180, 184, 187, 196, 200, 202, 208, 214, 215, 218, 219, 225, 230, 231, 233, 235, 236, 237, 241, 243, 245, 247, 250, 252, 255, 259, 261, 262, 265, 280, 282, 284, 291, 297, 298, 300, 303, 304, 305, 307, 309, 311, 312, 313, 315, 319, 321, 322, 324, 330, 332, 337, 341, 342, 344], "excluded_lines": []}, "": {"executed_lines": [], "summary": {"covered_lines": 0, "num_statements": 40, "percent_covered": 0.0, "percent_covered_display": "0", "missing_lines": 40, "excluded_lines": 0}, "missing_lines": [5, 6, 7, 8, 9, 10, 11, 13, 14, 15, 16, 17, 18, 19, 21, 22, 23, 26, 29, 32, 35, 42, 45, 53, 56, 62, 66, 69, 73, 76, 92, 135, 182, 198, 239, 257, 278, 317, 326, 339], "excluded_lines": []}}}, "mcp-oauth-dynamicclient/src/mcp_oauth_dynamicclient/cli.py": {"executed_lines": [], "summary": {"covered_lines": 0, "num_statements": 17, "percent_covered": 0.0, "percent_covered_display": "0", "missing_lines": 17, "excluded_lines": 0}, "missing_lines": [4, 5, 7, 8, 11, 13, 16, 21, 27, 33, 36, 37, 40, 42, 51, 59, 60], "excluded_lines": [], "functions": {"main": {"executed_lines": [], "summary": {"covered_lines": 0, "num_statements": 10, "percent_covered": 0.0, "percent_covered_display": "0", "missing_lines": 10, "excluded_lines": 0}, "missing_lines": [13, 16, 21, 27, 33, 36, 37, 40, 42, 51], "excluded_lines": []}, "": {"executed_lines": [], "summary": {"covered_lines": 0, "num_statements": 7, "percent_covered": 0.0, "percent_covered_display": "0", "missing_lines": 7, "excluded_lines": 0}, "missing_lines": [4, 5, 7, 8, 11, 59, 60], "excluded_lines": []}}, "classes": {"": {"executed_lines": [], "summary": {"covered_lines": 0, "num_statements": 17, "percent_covered": 0.0, "percent_covered_display": "0", "missing_lines": 17, "excluded_lines": 0}, "missing_lines": [4, 5, 7, 8, 11, 13, 16, 21, 27, 33, 36, 37, 40, 42, 51, 59, 60], "excluded_lines": []}}}, "mcp-oauth-dynamicclient/src/mcp_oauth_dynamicclient/config.py": {"executed_lines": [], "summary": {"covered_lines": 0, "num_statements": 19, "percent_covered": 0.0, "percent_covered_display": "0", "missing_lines": 19, "excluded_lines": 0}, "missing_lines": [4, 5, 8, 12, 13, 16, 17, 18, 21, 24, 25, 28, 29, 30, 31, 34, 37, 40, 41], "excluded_lines": [], "functions": {"": {"executed_lines": [], "summary": {"covered_lines": 0, "num_statements": 19, "percent_covered": 0.0, "percent_covered_display": "0", "missing_lines": 19, "excluded_lines": 0}, "missing_lines": [4, 5, 8, 12, 13, 16, 17, 18, 21, 24, 25, 28, 29, 30, 31, 34, 37, 40, 41], "excluded_lines": []}}, "classes": {"Settings": {"executed_lines": [], "summary": {"covered_lines": 0, "num_statements": 0, "percent_covered": 100.0, "percent_covered_display": "100", "missing_lines": 0, "excluded_lines": 0}, "missing_lines": [], "excluded_lines": []}, "Settings.Config": {"executed_lines": [], "summary": {"covered_lines": 0, "num_statements": 0, "percent_covered": 100.0, "percent_covered_display": "100", "missing_lines": 0, "excluded_lines": 0}, "missing_lines": [], "excluded_lines": []}, "": {"executed_lines": [], "summary": {"covered_lines": 0, "num_statements": 19, "percent_covered": 0.0, "percent_covered_display": "0", "missing_lines": 19, "excluded_lines": 0}, "missing_lines": [4, 5, 8, 12, 13, 16, 17, 18, 21, 24, 25, 28, 29, 30, 31, 34, 37, 40, 41], "excluded_lines": []}}}, "mcp-oauth-dynamicclient/src/mcp_oauth_dynamicclient/keys.py": {"executed_lines": [], "summary": {"covered_lines": 0, "num_statements": 40, "percent_covered": 0.0, "percent_covered_display": "0", "missing_lines": 40, "excluded_lines": 0}, "missing_lines": [4, 5, 6, 7, 8, 11, 14, 15, 16, 17, 18, 20, 24, 26, 28, 29, 30, 35, 36, 40, 41, 42, 45, 46, 48, 50, 51, 52, 58, 59, 60, 64, 67, 72, 74, 76, 78, 79, 80, 81], "excluded_lines": [], "functions": {"RSAKeyManager.__init__": {"executed_lines": [], "summary": {"covered_lines": 0, "num_statements": 4, "percent_covered": 0.0, "percent_covered_display": "0", "missing_lines": 4, "excluded_lines": 0}, "missing_lines": [15, 16, 17, 18], "excluded_lines": []}, "RSAKeyManager.load_or_generate_keys": {"executed_lines": [], "summary": {"covered_lines": 0, "num_statements": 21, "percent_covered": 0.0, "percent_covered_display": "0", "missing_lines": 21, "excluded_lines": 0}, "missing_lines": [24, 26, 28, 29, 30, 35, 36, 40, 41, 42, 45, 46, 48, 50, 51, 52, 58, 59, 60, 64, 67], "excluded_lines": []}, "RSAKeyManager.get_jwk": {"executed_lines": [], "summary": {"covered_lines": 0, "num_statements": 6, "percent_covered": 0.0, "percent_covered_display": "0", "missing_lines": 6, "excluded_lines": 0}, "missing_lines": [74, 76, 78, 79, 80, 81], "excluded_lines": []}, "": {"executed_lines": [], "summary": {"covered_lines": 0, "num_statements": 9, "percent_covered": 0.0, "percent_covered_display": "0", "missing_lines": 9, "excluded_lines": 0}, "missing_lines": [4, 5, 6, 7, 8, 11, 14, 20, 72], "excluded_lines": []}}, "classes": {"RSAKeyManager": {"executed_lines": [], "summary": {"covered_lines": 0, "num_statements": 31, "percent_covered": 0.0, "percent_covered_display": "0", "missing_lines": 31, "excluded_lines": 0}, "missing_lines": [15, 16, 17, 18, 24, 26, 28, 29, 30, 35, 36, 40, 41, 42, 45, 46, 48, 50, 51, 52, 58, 59, 60, 64, 67, 74, 76, 78, 79, 80, 81], "excluded_lines": []}, "": {"executed_lines": [], "summary": {"covered_lines": 0, "num_statements": 9, "percent_covered": 0.0, "percent_covered_display": "0", "missing_lines": 9, "excluded_lines": 0}, "missing_lines": [4, 5, 6, 7, 8, 11, 14, 20, 72], "excluded_lines": []}}}, "mcp-oauth-dynamicclient/src/mcp_oauth_dynamicclient/models.py": {"executed_lines": [], "summary": {"covered_lines": 0, "num_statements": 25, "percent_covered": 0.0, "percent_covered_display": "0", "missing_lines": 25, "excluded_lines": 0}, "missing_lines": [4, 5, 9, 10, 11, 12, 13, 14, 15, 16, 17, 18, 19, 20, 21, 25, 26, 27, 28, 29, 30, 34, 35, 36, 37], "excluded_lines": [], "functions": {"": {"executed_lines": [], "summary": {"covered_lines": 0, "num_statements": 25, "percent_covered": 0.0, "percent_covered_display": "0", "missing_lines": 25, "excluded_lines": 0}, "missing_lines": [4, 5, 9, 10, 11, 12, 13, 14, 15, 16, 17, 18, 19, 20, 21, 25, 26, 27, 28, 29, 30, 34, 35, 36, 37], "excluded_lines": []}}, "classes": {"ClientRegistration": {"executed_lines": [], "summary": {"covered_lines": 0, "num_statements": 0, "percent_covered": 100.0, "percent_covered_display": "100", "missing_lines": 0, "excluded_lines": 0}, "missing_lines": [], "excluded_lines": []}, "TokenResponse": {"executed_lines": [], "summary": {"covered_lines": 0, "num_statements": 0, "percent_covered": 100.0, "percent_covered_display": "100", "missing_lines": 0, "excluded_lines": 0}, "missing_lines": [], "excluded_lines": []}, "ErrorResponse": {"executed_lines": [], "summary": {"covered_lines": 0, "num_statements": 0, "percent_covered": 100.0, "percent_covered_display": "100", "missing_lines": 0, "excluded_lines": 0}, "missing_lines": [], "excluded_lines": []}, "": {"executed_lines": [], "summary": {"covered_lines": 0, "num_statements": 25, "percent_covered": 0.0, "percent_covered_display": "0", "missing_lines": 25, "excluded_lines": 0}, "missing_lines": [4, 5, 9, 10, 11, 12, 13, 14, 15, 16, 17, 18, 19, 20, 21, 25, 26, 27, 28, 29, 30, 34, 35, 36, 37], "excluded_lines": []}}}, "mcp-oauth-dynamicclient/src/mcp_oauth_dynamicclient/redis_client.py": {"executed_lines": [], "summary": {"covered_lines": 0, "num_statements": 19, "percent_covered": 0.0, "percent_covered_display": "0", "missing_lines": 19, "excluded_lines": 0}, "missing_lines": [4, 5, 6, 9, 12, 13, 14, 16, 18, 25, 26, 28, 30, 31, 33, 34, 36, 37, 38], "excluded_lines": [], "functions": {"RedisManager.__init__": {"executed_lines": [], "summary": {"covered_lines": 0, "num_statements": 2, "percent_covered": 0.0, "percent_covered_display": "0", "missing_lines": 2, "excluded_lines": 0}, "missing_lines": [13, 14], "excluded_lines": []}, "RedisManager.initialize": {"executed_lines": [], "summary": {"covered_lines": 0, "num_statements": 3, "percent_covered": 0.0, "percent_covered_display": "0", "missing_lines": 3, "excluded_lines": 0}, "missing_lines": [18, 25, 26], "excluded_lines": []}, "RedisManager.close": {"executed_lines": [], "summary": {"covered_lines": 0, "num_statements": 2, "percent_covered": 0.0, "percent_covered_display": "0", "missing_lines": 2, "excluded_lines": 0}, "missing_lines": [30, 31], "excluded_lines": []}, "RedisManager.client": {"executed_lines": [], "summary": {"covered_lines": 0, "num_statements": 3, "percent_covered": 0.0, "percent_covered_display": "0", "missing_lines": 3, "excluded_lines": 0}, "missing_lines": [36, 37, 38], "excluded_lines": []}, "": {"executed_lines": [], "summary": {"covered_lines": 0, "num_statements": 9, "percent_covered": 0.0, "percent_covered_display": "0", "missing_lines": 9, "excluded_lines": 0}, "missing_lines": [4, 5, 6, 9, 12, 16, 28, 33, 34], "excluded_lines": []}}, "classes": {"RedisManager": {"executed_lines": [], "summary": {"covered_lines": 0, "num_statements": 10, "percent_covered": 0.0, "percent_covered_display": "0", "missing_lines": 10, "excluded_lines": 0}, "missing_lines": [13, 14, 18, 25, 26, 30, 31, 36, 37, 38], "excluded_lines": []}, "": {"executed_lines": [], "summary": {"covered_lines": 0, "num_statements": 9, "percent_covered": 0.0, "percent_covered_display": "0", "missing_lines": 9, "excluded_lines": 0}, "missing_lines": [4, 5, 6, 9, 12, 16, 28, 33, 34], "excluded_lines": []}}}, "mcp-oauth-dynamicclient/src/mcp_oauth_dynamicclient/resource_protector.py": {"executed_lines": [], "summary": {"covered_lines": 0, "num_statements": 71, "percent_covered": 0.0, "percent_covered_display": "0", "missing_lines": 71, "excluded_lines": 0}, "missing_lines": [5, 6, 7, 9, 10, 11, 12, 13, 14, 16, 17, 20, 27, 28, 29, 30, 31, 32, 34, 42, 44, 46, 57, 68, 71, 72, 74, 76, 79, 81, 83, 84, 85, 86, 87, 89, 95, 97, 98, 100, 101, 104, 106, 112, 115, 121, 125, 127, 128, 138, 149, 150, 151, 152, 154, 155, 158, 160, 162, 165, 171, 174, 175, 177, 180, 186, 189, 190, 192, 196, 200], "excluded_lines": [], "functions": {"JWTBearerTokenValidator.__init__": {"executed_lines": [], "summary": {"covered_lines": 0, "num_statements": 5, "percent_covered": 0.0, "percent_covered_display": "0", "missing_lines": 5, "excluded_lines": 0}, "missing_lines": [28, 29, 30, 31, 32], "excluded_lines": []}, "JWTBearerTokenValidator.authenticate_token": {"executed_lines": [], "summary": {"covered_lines": 0, "num_statements": 16, "percent_covered": 0.0, "percent_covered_display": "0", "missing_lines": 16, "excluded_lines": 0}, "missing_lines": [42, 44, 46, 57, 68, 71, 72, 74, 76, 79, 81, 83, 84, 85, 86, 87], "excluded_lines": []}, "JWTBearerTokenValidator.request_invalid": {"executed_lines": [], "summary": {"covered_lines": 0, "num_statements": 6, "percent_covered": 0.0, "percent_covered_display": "0", "missing_lines": 6, "excluded_lines": 0}, "missing_lines": [95, 97, 98, 100, 101, 104], "excluded_lines": []}, "JWTBearerTokenValidator.token_revoked": {"executed_lines": [], "summary": {"covered_lines": 0, "num_statements": 1, "percent_covered": 0.0, "percent_covered_display": "0", "missing_lines": 1, "excluded_lines": 0}, "missing_lines": [112], "excluded_lines": []}, "IntrospectionBearerTokenValidator.authenticate_token": {"executed_lines": [], "summary": {"covered_lines": 0, "num_statements": 13, "percent_covered": 0.0, "percent_covered_display": "0", "missing_lines": 13, "excluded_lines": 0}, "missing_lines": [125, 127, 128, 138, 149, 150, 151, 152, 154, 155, 158, 160, 162], "excluded_lines": []}, "create_resource_protector": {"executed_lines": [], "summary": {"covered_lines": 0, "num_statements": 4, "percent_covered": 0.0, "percent_covered_display": "0", "missing_lines": 4, "excluded_lines": 0}, "missing_lines": [171, 174, 175, 177], "excluded_lines": []}, "create_introspection_protector": {"executed_lines": [], "summary": {"covered_lines": 0, "num_statements": 4, "percent_covered": 0.0, "percent_covered_display": "0", "missing_lines": 4, "excluded_lines": 0}, "missing_lines": [186, 189, 190, 192], "excluded_lines": []}, "handle_oauth_error": {"executed_lines": [], "summary": {"covered_lines": 0, "num_statements": 1, "percent_covered": 0.0, "percent_covered_display": "0", "missing_lines": 1, "excluded_lines": 0}, "missing_lines": [200], "excluded_lines": []}, "": {"executed_lines": [], "summary": {"covered_lines": 0, "num_statements": 21, "percent_covered": 0.0, "percent_covered_display": "0", "missing_lines": 21, "excluded_lines": 0}, "missing_lines": [5, 6, 7, 9, 10, 11, 12, 13, 14, 16, 17, 20, 27, 34, 89, 106, 115, 121, 165, 180, 196], "excluded_lines": []}}, "classes": {"JWTBearerTokenValidator": {"executed_lines": [], "summary": {"covered_lines": 0, "num_statements": 28, "percent_covered": 0.0, "percent_covered_display": "0", "missing_lines": 28, "excluded_lines": 0}, "missing_lines": [28, 29, 30, 31, 32, 42, 44, 46, 57, 68, 71, 72, 74, 76, 79, 81, 83, 84, 85, 86, 87, 95, 97, 98, 100, 101, 104, 112], "excluded_lines": []}, "IntrospectionBearerTokenValidator": {"executed_lines": [], "summary": {"covered_lines": 0, "num_statements": 13, "percent_covered": 0.0, "percent_covered_display": "0", "missing_lines": 13, "excluded_lines": 0}, "missing_lines": [125, 127, 128, 138, 149, 150, 151, 152, 154, 155, 158, 160, 162], "excluded_lines": []}, "": {"executed_lines": [], "summary": {"covered_lines": 0, "num_statements": 30, "percent_covered": 0.0, "percent_covered_display": "0", "missing_lines": 30, "excluded_lines": 0}, "missing_lines": [5, 6, 7, 9, 10, 11, 12, 13, 14, 16, 17, 20, 27, 34, 89, 106, 115, 121, 165, 171, 174, 175, 177, 180, 186, 189, 190, 192, 196, 200], "excluded_lines": []}}}, "mcp-oauth-dynamicclient/src/mcp_oauth_dynamicclient/rfc7592.py": {"executed_lines": [], "summary": {"covered_lines": 0, "num_statements": 79, "percent_covered": 0.0, "percent_covered_display": "0", "missing_lines": 79, "excluded_lines": 0}, "missing_lines": [5, 6, 7, 8, 9, 11, 12, 15, 21, 22, 23, 24, 26, 31, 32, 33, 35, 36, 38, 45, 46, 47, 50, 51, 53, 55, 58, 59, 60, 62, 64, 70, 72, 77, 80, 81, 82, 84, 87, 93, 94, 95, 97, 98, 100, 102, 105, 106, 107, 114, 119, 121, 126, 129, 133, 134, 135, 136, 139, 140, 141, 142, 143, 144, 145, 146, 148, 155, 157, 161, 163, 174, 175, 178, 179, 182, 183, 184, 186], "excluded_lines": [], "functions": {"DynamicClientConfigurationEndpoint.__init__": {"executed_lines": [], "summary": {"covered_lines": 0, "num_statements": 3, "percent_covered": 0.0, "percent_covered_display": "0", "missing_lines": 3, "excluded_lines": 0}, "missing_lines": [22, 23, 24], "excluded_lines": []}, "DynamicClientConfigurationEndpoint.authenticate_token": {"executed_lines": [], "summary": {"covered_lines": 0, "num_statements": 5, "percent_covered": 0.0, "percent_covered_display": "0", "missing_lines": 5, "excluded_lines": 0}, "missing_lines": [31, 32, 33, 35, 36], "excluded_lines": []}, "DynamicClientConfigurationEndpoint.authenticate_client": {"executed_lines": [], "summary": {"covered_lines": 0, "num_statements": 11, "percent_covered": 0.0, "percent_covered_display": "0", "missing_lines": 11, "excluded_lines": 0}, "missing_lines": [45, 46, 47, 50, 51, 53, 55, 58, 59, 60, 62], "excluded_lines": []}, "DynamicClientConfigurationEndpoint.check_permission": {"executed_lines": [], "summary": {"covered_lines": 0, "num_statements": 1, "percent_covered": 0.0, "percent_covered_display": "0", "missing_lines": 1, "excluded_lines": 0}, "missing_lines": [70], "excluded_lines": []}, "DynamicClientConfigurationEndpoint.update_client": {"executed_lines": [], "summary": {"covered_lines": 0, "num_statements": 18, "percent_covered": 0.0, "percent_covered_display": "0", "missing_lines": 18, "excluded_lines": 0}, "missing_lines": [77, 80, 81, 82, 84, 87, 93, 94, 95, 97, 98, 100, 102, 105, 106, 107, 114, 119], "excluded_lines": []}, "DynamicClientConfigurationEndpoint.delete_client": {"executed_lines": [], "summary": {"covered_lines": 0, "num_statements": 14, "percent_covered": 0.0, "percent_covered_display": "0", "missing_lines": 14, "excluded_lines": 0}, "missing_lines": [126, 129, 133, 134, 135, 136, 139, 140, 141, 142, 143, 144, 145, 146], "excluded_lines": []}, "DynamicClientConfigurationEndpoint.revoke_access_token": {"executed_lines": [], "summary": {"covered_lines": 0, "num_statements": 1, "percent_covered": 0.0, "percent_covered_display": "0", "missing_lines": 1, "excluded_lines": 0}, "missing_lines": [155], "excluded_lines": []}, "DynamicClientConfigurationEndpoint.generate_client_configuration_response": {"executed_lines": [], "summary": {"covered_lines": 0, "num_statements": 10, "percent_covered": 0.0, "percent_covered_display": "0", "missing_lines": 10, "excluded_lines": 0}, "missing_lines": [161, 163, 174, 175, 178, 179, 182, 183, 184, 186], "excluded_lines": []}, "": {"executed_lines": [], "summary": {"covered_lines": 0, "num_statements": 16, "percent_covered": 0.0, "percent_covered_display": "0", "missing_lines": 16, "excluded_lines": 0}, "missing_lines": [5, 6, 7, 8, 9, 11, 12, 15, 21, 26, 38, 64, 72, 121, 148, 157], "excluded_lines": []}}, "classes": {"DynamicClientConfigurationEndpoint": {"executed_lines": [], "summary": {"covered_lines": 0, "num_statements": 63, "percent_covered": 0.0, "percent_covered_display": "0", "missing_lines": 63, "excluded_lines": 0}, "missing_lines": [22, 23, 24, 31, 32, 33, 35, 36, 45, 46, 47, 50, 51, 53, 55, 58, 59, 60, 62, 70, 77, 80, 81, 82, 84, 87, 93, 94, 95, 97, 98, 100, 102, 105, 106, 107, 114, 119, 126, 129, 133, 134, 135, 136, 139, 140, 141, 142, 143, 144, 145, 146, 155, 161, 163, 174, 175, 178, 179, 182, 183, 184, 186], "excluded_lines": []}, "": {"executed_lines": [], "summary": {"covered_lines": 0, "num_statements": 16, "percent_covered": 0.0, "percent_covered_display": "0", "missing_lines": 16, "excluded_lines": 0}, "missing_lines": [5, 6, 7, 8, 9, 11, 12, 15, 21, 26, 38, 64, 72, 121, 148, 157], "excluded_lines": []}}}, "mcp-oauth-dynamicclient/src/mcp_oauth_dynamicclient/routes.py": {"executed_lines": [], "summary": {"covered_lines": 0, "num_statements": 236, "percent_covered": 0.0, "percent_covered_display": "0", "missing_lines": 236, "excluded_lines": 0}, "missing_lines": [5, 6, 7, 8, 9, 11, 12, 13, 14, 15, 17, 18, 19, 20, 21, 24, 27, 30, 32, 34, 37, 40, 41, 43, 46, 48, 49, 58, 59, 60, 68, 71, 72, 74, 75, 97, 98, 100, 101, 104, 105, 112, 113, 122, 123, 124, 133, 134, 135, 142, 143, 152, 153, 154, 157, 158, 161, 164, 179, 180, 186, 192, 205, 206, 207, 208, 210, 213, 214, 227, 228, 230, 288, 289, 298, 299, 304, 305, 314, 315, 324, 331, 338, 339, 342, 343, 351, 352, 353, 361, 364, 366, 367, 372, 373, 374, 379, 382, 390, 397, 400, 401, 406, 411, 416, 417, 430, 431, 432, 442, 443, 453, 454, 462, 463, 464, 473, 474, 475, 483, 486, 487, 496, 497, 498, 506, 511, 520, 532, 543, 545, 552, 553, 554, 563, 564, 565, 573, 576, 586, 593, 602, 603, 604, 611, 621, 622, 632, 633, 635, 637, 638, 641, 644, 647, 648, 658, 659, 660, 663, 665, 668, 669, 676, 677, 692, 693, 712, 727, 728, 734, 736, 737, 738, 739, 741, 742, 743, 744, 749, 750, 756, 761, 762, 767, 769, 770, 777, 779, 780, 781, 782, 784, 785, 786, 787, 792, 793, 799, 804, 805, 811, 812, 813, 821, 822, 823, 831, 832, 833, 840, 841, 849, 850, 851, 852, 853, 855, 856, 862, 864, 865, 866, 867, 869, 870, 871, 872, 877, 878, 884, 889, 890, 895, 896, 898], "excluded_lines": [], "functions": {"create_oauth_router": {"executed_lines": [], "summary": {"covered_lines": 0, "num_statements": 33, "percent_covered": 0.0, "percent_covered_display": "0", "missing_lines": 33, "excluded_lines": 0}, "missing_lines": [27, 30, 32, 37, 43, 71, 72, 97, 98, 104, 105, 213, 214, 342, 343, 416, 417, 602, 603, 604, 621, 622, 647, 648, 668, 669, 727, 728, 769, 770, 855, 856, 898], "excluded_lines": []}, "create_oauth_router.get_redis": {"executed_lines": [], "summary": {"covered_lines": 0, "num_statements": 1, "percent_covered": 0.0, "percent_covered_display": "0", "missing_lines": 1, "excluded_lines": 0}, "missing_lines": [34], "excluded_lines": []}, "create_oauth_router.verify_bearer_token": {"executed_lines": [], "summary": {"covered_lines": 0, "num_statements": 2, "percent_covered": 0.0, "percent_covered_display": "0", "missing_lines": 2, "excluded_lines": 0}, "missing_lines": [40, 41], "excluded_lines": []}, "create_oauth_router.verify_github_user_auth": {"executed_lines": [], "summary": {"covered_lines": 0, "num_statements": 7, "percent_covered": 0.0, "percent_covered_display": "0", "missing_lines": 7, "excluded_lines": 0}, "missing_lines": [46, 48, 49, 58, 59, 60, 68], "excluded_lines": []}, "create_oauth_router.oauth_metadata": {"executed_lines": [], "summary": {"covered_lines": 0, "num_statements": 2, "percent_covered": 0.0, "percent_covered_display": "0", "missing_lines": 2, "excluded_lines": 0}, "missing_lines": [74, 75], "excluded_lines": []}, "create_oauth_router.jwks": {"executed_lines": [], "summary": {"covered_lines": 0, "num_statements": 2, "percent_covered": 0.0, "percent_covered_display": "0", "missing_lines": 2, "excluded_lines": 0}, "missing_lines": [100, 101], "excluded_lines": []}, "create_oauth_router.register_client": {"executed_lines": [], "summary": {"covered_lines": 0, "num_statements": 26, "percent_covered": 0.0, "percent_covered_display": "0", "missing_lines": 26, "excluded_lines": 0}, "missing_lines": [112, 113, 122, 123, 124, 133, 134, 135, 142, 143, 152, 153, 154, 157, 158, 161, 164, 179, 180, 186, 192, 205, 206, 207, 208, 210], "excluded_lines": []}, "create_oauth_router.authorize": {"executed_lines": [], "summary": {"covered_lines": 0, "num_statements": 15, "percent_covered": 0.0, "percent_covered_display": "0", "missing_lines": 15, "excluded_lines": 0}, "missing_lines": [227, 228, 230, 288, 289, 298, 299, 304, 305, 314, 315, 324, 331, 338, 339], "excluded_lines": []}, "create_oauth_router.oauth_callback": {"executed_lines": [], "summary": {"covered_lines": 0, "num_statements": 18, "percent_covered": 0.0, "percent_covered_display": "0", "missing_lines": 18, "excluded_lines": 0}, "missing_lines": [351, 352, 353, 361, 364, 366, 367, 372, 373, 374, 379, 382, 390, 397, 400, 401, 406, 411], "excluded_lines": []}, "create_oauth_router.token_exchange": {"executed_lines": [], "summary": {"covered_lines": 0, "num_statements": 35, "percent_covered": 0.0, "percent_covered_display": "0", "missing_lines": 35, "excluded_lines": 0}, "missing_lines": [430, 431, 432, 442, 443, 453, 454, 462, 463, 464, 473, 474, 475, 483, 486, 487, 496, 497, 498, 506, 511, 520, 532, 543, 545, 552, 553, 554, 563, 564, 565, 573, 576, 586, 593], "excluded_lines": []}, "create_oauth_router.verify_token": {"executed_lines": [], "summary": {"covered_lines": 0, "num_statements": 1, "percent_covered": 0.0, "percent_covered_display": "0", "missing_lines": 1, "excluded_lines": 0}, "missing_lines": [611], "excluded_lines": []}, "create_oauth_router.revoke_token": {"executed_lines": [], "summary": {"covered_lines": 0, "num_statements": 7, "percent_covered": 0.0, "percent_covered_display": "0", "missing_lines": 7, "excluded_lines": 0}, "missing_lines": [632, 633, 635, 637, 638, 641, 644], "excluded_lines": []}, "create_oauth_router.introspect_token": {"executed_lines": [], "summary": {"covered_lines": 0, "num_statements": 5, "percent_covered": 0.0, "percent_covered_display": "0", "missing_lines": 5, "excluded_lines": 0}, "missing_lines": [658, 659, 660, 663, 665], "excluded_lines": []}, "create_oauth_router.oauth_success": {"executed_lines": [], "summary": {"covered_lines": 0, "num_statements": 5, "percent_covered": 0.0, "percent_covered_display": "0", "missing_lines": 5, "excluded_lines": 0}, "missing_lines": [676, 677, 692, 693, 712], "excluded_lines": []}, "create_oauth_router.get_client_registration": {"executed_lines": [], "summary": {"covered_lines": 0, "num_statements": 15, "percent_covered": 0.0, "percent_covered_display": "0", "missing_lines": 15, "excluded_lines": 0}, "missing_lines": [734, 736, 737, 738, 739, 741, 742, 743, 744, 749, 750, 756, 761, 762, 767], "excluded_lines": []}, "create_oauth_router.update_client_registration": {"executed_lines": [], "summary": {"covered_lines": 0, "num_statements": 30, "percent_covered": 0.0, "percent_covered_display": "0", "missing_lines": 30, "excluded_lines": 0}, "missing_lines": [777, 779, 780, 781, 782, 784, 785, 786, 787, 792, 793, 799, 804, 805, 811, 812, 813, 821, 822, 823, 831, 832, 833, 840, 841, 849, 850, 851, 852, 853], "excluded_lines": []}, "create_oauth_router.delete_client_registration": {"executed_lines": [], "summary": {"covered_lines": 0, "num_statements": 16, "percent_covered": 0.0, "percent_covered_display": "0", "missing_lines": 16, "excluded_lines": 0}, "missing_lines": [862, 864, 865, 866, 867, 869, 870, 871, 872, 877, 878, 884, 889, 890, 895, 896], "excluded_lines": []}, "": {"executed_lines": [], "summary": {"covered_lines": 0, "num_statements": 16, "percent_covered": 0.0, "percent_covered_display": "0", "missing_lines": 16, "excluded_lines": 0}, "missing_lines": [5, 6, 7, 8, 9, 11, 12, 13, 14, 15, 17, 18, 19, 20, 21, 24], "excluded_lines": []}}, "classes": {"": {"executed_lines": [], "summary": {"covered_lines": 0, "num_statements": 236, "percent_covered": 0.0, "percent_covered_display": "0", "missing_lines": 236, "excluded_lines": 0}, "missing_lines": [5, 6, 7, 8, 9, 11, 12, 13, 14, 15, 17, 18, 19, 20, 21, 24, 27, 30, 32, 34, 37, 40, 41, 43, 46, 48, 49, 58, 59, 60, 68, 71, 72, 74, 75, 97, 98, 100, 101, 104, 105, 112, 113, 122, 123, 124, 133, 134, 135, 142, 143, 152, 153, 154, 157, 158, 161, 164, 179, 180, 186, 192, 205, 206, 207, 208, 210, 213, 214, 227, 228, 230, 288, 289, 298, 299, 304, 305, 314, 315, 324, 331, 338, 339, 342, 343, 351, 352, 353, 361, 364, 366, 367, 372, 373, 374, 379, 382, 390, 397, 400, 401, 406, 411, 416, 417, 430, 431, 432, 442, 443, 453, 454, 462, 463, 464, 473, 474, 475, 483, 486, 487, 496, 497, 498, 506, 511, 520, 532, 543, 545, 552, 553, 554, 563, 564, 565, 573, 576, 586, 593, 602, 603, 604, 611, 621, 622, 632, 633, 635, 637, 638, 641, 644, 647, 648, 658, 659, 660, 663, 665, 668, 669, 676, 677, 692, 693, 712, 727, 728, 734, 736, 737, 738, 739, 741, 742, 743, 744, 749, 750, 756, 761, 762, 767, 769, 770, 777, 779, 780, 781, 782, 784, 785, 786, 787, 792, 793, 799, 804, 805, 811, 812, 813, 821, 822, 823, 831, 832, 833, 840, 841, 849, 850, 851, 852, 853, 855, 856, 862, 864, 865, 866, 867, 869, 870, 871, 872, 877, 878, 884, 889, 890, 895, 896, 898], "excluded_lines": []}}}, "mcp-oauth-dynamicclient/src/mcp_oauth_dynamicclient/server.py": {"executed_lines": [], "summary": {"covered_lines": 0, "num_statements": 35, "percent_covered": 0.0, "percent_covered_display": "0", "missing_lines": 35, "excluded_lines": 0}, "missing_lines": [4, 5, 7, 8, 9, 11, 12, 13, 14, 17, 20, 21, 24, 25, 27, 28, 31, 32, 34, 37, 45, 46, 48, 49, 59, 60, 62, 64, 65, 66, 67, 73, 74, 76, 80], "excluded_lines": [], "functions": {"create_app": {"executed_lines": [], "summary": {"covered_lines": 0, "num_statements": 16, "percent_covered": 0.0, "percent_covered_display": "0", "missing_lines": 16, "excluded_lines": 0}, "missing_lines": [20, 21, 24, 25, 27, 28, 37, 45, 46, 48, 49, 59, 60, 73, 74, 76], "excluded_lines": []}, "create_app.lifespan": {"executed_lines": [], "summary": {"covered_lines": 0, "num_statements": 3, "percent_covered": 0.0, "percent_covered_display": "0", "missing_lines": 3, "excluded_lines": 0}, "missing_lines": [31, 32, 34], "excluded_lines": []}, "create_app.health_check": {"executed_lines": [], "summary": {"covered_lines": 0, "num_statements": 5, "percent_covered": 0.0, "percent_covered_display": "0", "missing_lines": 5, "excluded_lines": 0}, "missing_lines": [62, 64, 65, 66, 67], "excluded_lines": []}, "": {"executed_lines": [], "summary": {"covered_lines": 0, "num_statements": 11, "percent_covered": 0.0, "percent_covered_display": "0", "missing_lines": 11, "excluded_lines": 0}, "missing_lines": [4, 5, 7, 8, 9, 11, 12, 13, 14, 17, 80], "excluded_lines": []}}, "classes": {"": {"executed_lines": [], "summary": {"covered_lines": 0, "num_statements": 35, "percent_covered": 0.0, "percent_covered_display": "0", "missing_lines": 35, "excluded_lines": 0}, "missing_lines": [4, 5, 7, 8, 9, 11, 12, 13, 14, 17, 20, 21, 24, 25, 27, 28, 31, 32, 34, 37, 45, 46, 48, 49, 59, 60, 62, 64, 65, 66, 67, 73, 74, 76, 80], "excluded_lines": []}}}, "mcp-streamablehttp-proxy/src/mcp_streamablehttp_proxy/__init__.py": {"executed_lines": [], "summary": {"covered_lines": 0, "num_statements": 4, "percent_covered": 0.0, "percent_covered_display": "0", "missing_lines": 4, "excluded_lines": 0}, "missing_lines": [3, 5, 6, 8], "excluded_lines": [], "functions": {"": {"executed_lines": [], "summary": {"covered_lines": 0, "num_statements": 4, "percent_covered": 0.0, "percent_covered_display": "0", "missing_lines": 4, "excluded_lines": 0}, "missing_lines": [3, 5, 6, 8], "excluded_lines": []}}, "classes": {"": {"executed_lines": [], "summary": {"covered_lines": 0, "num_statements": 4, "percent_covered": 0.0, "percent_covered_display": "0", "missing_lines": 4, "excluded_lines": 0}, "missing_lines": [3, 5, 6, 8], "excluded_lines": []}}}, "mcp-streamablehttp-proxy/src/mcp_streamablehttp_proxy/cli.py": {"executed_lines": [], "summary": {"covered_lines": 0, "num_statements": 29, "percent_covered": 0.0, "percent_covered_display": "0", "missing_lines": 29, "excluded_lines": 0}, "missing_lines": [2, 3, 4, 5, 6, 8, 11, 13, 32, 38, 44, 51, 58, 66, 69, 70, 72, 73, 75, 77, 78, 85, 86, 87, 88, 89, 90, 93, 94], "excluded_lines": [], "functions": {"main": {"executed_lines": [], "summary": {"covered_lines": 0, "num_statements": 20, "percent_covered": 0.0, "percent_covered_display": "0", "missing_lines": 20, "excluded_lines": 0}, "missing_lines": [13, 32, 38, 44, 51, 58, 66, 69, 70, 72, 73, 75, 77, 78, 85, 86, 87, 88, 89, 90], "excluded_lines": []}, "": {"executed_lines": [], "summary": {"covered_lines": 0, "num_statements": 9, "percent_covered": 0.0, "percent_covered_display": "0", "missing_lines": 9, "excluded_lines": 0}, "missing_lines": [2, 3, 4, 5, 6, 8, 11, 93, 94], "excluded_lines": []}}, "classes": {"": {"executed_lines": [], "summary": {"covered_lines": 0, "num_statements": 29, "percent_covered": 0.0, "percent_covered_display": "0", "missing_lines": 29, "excluded_lines": 0}, "missing_lines": [2, 3, 4, 5, 6, 8, 11, 13, 32, 38, 44, 51, 58, 66, 69, 70, 72, 73, 75, 77, 78, 85, 86, 87, 88, 89, 90, 93, 94], "excluded_lines": []}}}, "mcp-streamablehttp-proxy/src/mcp_streamablehttp_proxy/proxy.py": {"executed_lines": [], "summary": {"covered_lines": 0, "num_statements": 262, "percent_covered": 0.0, "percent_covered_display": "0", "missing_lines": 262, "excluded_lines": 0}, "missing_lines": [2, 3, 4, 5, 6, 7, 8, 9, 10, 12, 15, 18, 19, 20, 21, 22, 23, 24, 25, 26, 27, 28, 29, 30, 32, 34, 36, 44, 48, 50, 51, 52, 53, 54, 56, 57, 58, 60, 61, 62, 63, 64, 65, 67, 68, 69, 71, 73, 75, 77, 78, 79, 82, 84, 86, 87, 90, 92, 93, 95, 96, 99, 100, 101, 103, 105, 106, 107, 108, 109, 110, 112, 114, 116, 119, 121, 137, 139, 140, 142, 143, 144, 147, 153, 156, 158, 159, 161, 163, 165, 172, 174, 175, 176, 178, 179, 180, 182, 184, 185, 186, 188, 191, 192, 195, 196, 197, 198, 201, 206, 209, 211, 213, 216, 226, 227, 229, 232, 235, 236, 237, 239, 240, 241, 243, 245, 247, 248, 251, 252, 253, 254, 256, 257, 258, 259, 260, 261, 262, 264, 267, 270, 271, 272, 273, 274, 276, 278, 280, 282, 284, 285, 288, 289, 290, 292, 294, 295, 297, 298, 299, 300, 303, 304, 305, 307, 308, 310, 312, 315, 317, 318, 319, 322, 323, 331, 334, 335, 338, 341, 342, 345, 347, 350, 352, 360, 363, 364, 372, 375, 376, 377, 378, 380, 382, 383, 384, 385, 386, 388, 389, 390, 392, 393, 394, 395, 396, 398, 399, 400, 401, 404, 405, 406, 409, 411, 414, 415, 417, 418, 426, 428, 431, 433, 434, 436, 438, 439, 441, 443, 444, 446, 452, 453, 457, 459, 460, 463, 464, 466, 467, 468, 470, 471, 472, 475, 478, 479, 481, 483, 486, 487, 488, 489, 491, 493, 494, 495, 500, 501, 504, 506], "excluded_lines": [], "functions": {"MCPSession.__init__": {"executed_lines": [], "summary": {"covered_lines": 0, "num_statements": 12, "percent_covered": 0.0, "percent_covered_display": "0", "missing_lines": 12, "excluded_lines": 0}, "missing_lines": [19, 20, 21, 22, 23, 24, 25, 26, 27, 28, 29, 30], "excluded_lines": []}, "MCPSession.start_server": {"executed_lines": [], "summary": {"covered_lines": 0, "num_statements": 3, "percent_covered": 0.0, "percent_covered_display": "0", "missing_lines": 3, "excluded_lines": 0}, "missing_lines": [34, 36, 44], "excluded_lines": []}, "MCPSession._read_responses": {"executed_lines": [], "summary": {"covered_lines": 0, "num_statements": 17, "percent_covered": 0.0, "percent_covered_display": "0", "missing_lines": 17, "excluded_lines": 0}, "missing_lines": [50, 51, 52, 53, 54, 56, 57, 58, 60, 61, 62, 63, 64, 65, 67, 68, 69], "excluded_lines": []}, "MCPSession._handle_response": {"executed_lines": [], "summary": {"covered_lines": 0, "num_statements": 6, "percent_covered": 0.0, "percent_covered_display": "0", "missing_lines": 6, "excluded_lines": 0}, "missing_lines": [73, 75, 77, 78, 79, 82], "excluded_lines": []}, "MCPSession._send_request": {"executed_lines": [], "summary": {"covered_lines": 0, "num_statements": 18, "percent_covered": 0.0, "percent_covered_display": "0", "missing_lines": 18, "excluded_lines": 0}, "missing_lines": [86, 87, 90, 92, 93, 95, 96, 99, 100, 101, 103, 105, 106, 107, 108, 109, 110, 112], "excluded_lines": []}, "MCPSession._initialize_session": {"executed_lines": [], "summary": {"covered_lines": 0, "num_statements": 14, "percent_covered": 0.0, "percent_covered_display": "0", "missing_lines": 14, "excluded_lines": 0}, "missing_lines": [116, 119, 121, 137, 139, 140, 142, 143, 144, 147, 153, 156, 158, 159], "excluded_lines": []}, "MCPSession._list_tools": {"executed_lines": [], "summary": {"covered_lines": 0, "num_statements": 9, "percent_covered": 0.0, "percent_covered_display": "0", "missing_lines": 9, "excluded_lines": 0}, "missing_lines": [163, 165, 172, 174, 175, 176, 178, 179, 180], "excluded_lines": []}, "MCPSession.handle_request": {"executed_lines": [], "summary": {"covered_lines": 0, "num_statements": 26, "percent_covered": 0.0, "percent_covered_display": "0", "missing_lines": 26, "excluded_lines": 0}, "missing_lines": [184, 185, 186, 188, 191, 192, 195, 196, 197, 198, 201, 206, 209, 211, 213, 216, 226, 227, 229, 232, 235, 236, 237, 239, 240, 241], "excluded_lines": []}, "MCPSession.close": {"executed_lines": [], "summary": {"covered_lines": 0, "num_statements": 15, "percent_covered": 0.0, "percent_covered_display": "0", "missing_lines": 15, "excluded_lines": 0}, "missing_lines": [245, 247, 248, 251, 252, 253, 254, 256, 257, 258, 259, 260, 261, 262, 264], "excluded_lines": []}, "MCPSessionManager.__init__": {"executed_lines": [], "summary": {"covered_lines": 0, "num_statements": 5, "percent_covered": 0.0, "percent_covered_display": "0", "missing_lines": 5, "excluded_lines": 0}, "missing_lines": [271, 272, 273, 274, 276], "excluded_lines": []}, "MCPSessionManager.start": {"executed_lines": [], "summary": {"covered_lines": 0, "num_statements": 1, "percent_covered": 0.0, "percent_covered_display": "0", "missing_lines": 1, "excluded_lines": 0}, "missing_lines": [280], "excluded_lines": []}, "MCPSessionManager.stop": {"executed_lines": [], "summary": {"covered_lines": 0, "num_statements": 5, "percent_covered": 0.0, "percent_covered_display": "0", "missing_lines": 5, "excluded_lines": 0}, "missing_lines": [284, 285, 288, 289, 290], "excluded_lines": []}, "MCPSessionManager.get_or_create_session": {"executed_lines": [], "summary": {"covered_lines": 0, "num_statements": 11, "percent_covered": 0.0, "percent_covered_display": "0", "missing_lines": 11, "excluded_lines": 0}, "missing_lines": [294, 295, 297, 298, 299, 300, 303, 304, 305, 307, 308], "excluded_lines": []}, "MCPSessionManager.handle_request": {"executed_lines": [], "summary": {"covered_lines": 0, "num_statements": 25, "percent_covered": 0.0, "percent_covered_display": "0", "missing_lines": 25, "excluded_lines": 0}, "missing_lines": [312, 315, 317, 318, 319, 322, 323, 331, 334, 335, 338, 341, 342, 345, 347, 350, 352, 360, 363, 364, 372, 375, 376, 377, 378], "excluded_lines": []}, "MCPSessionManager._cleanup_expired_sessions": {"executed_lines": [], "summary": {"covered_lines": 0, "num_statements": 17, "percent_covered": 0.0, "percent_covered_display": "0", "missing_lines": 17, "excluded_lines": 0}, "missing_lines": [382, 383, 384, 385, 386, 388, 389, 390, 392, 393, 394, 395, 396, 398, 399, 400, 401], "excluded_lines": []}, "create_app": {"executed_lines": [], "summary": {"covered_lines": 0, "num_statements": 21, "percent_covered": 0.0, "percent_covered_display": "0", "missing_lines": 21, "excluded_lines": 0}, "missing_lines": [411, 414, 415, 417, 418, 426, 428, 431, 433, 434, 438, 439, 443, 444, 452, 453, 459, 460, 500, 501, 506], "excluded_lines": []}, "create_app.startup_event": {"executed_lines": [], "summary": {"covered_lines": 0, "num_statements": 1, "percent_covered": 0.0, "percent_covered_display": "0", "missing_lines": 1, "excluded_lines": 0}, "missing_lines": [436], "excluded_lines": []}, "create_app.shutdown_event": {"executed_lines": [], "summary": {"covered_lines": 0, "num_statements": 1, "percent_covered": 0.0, "percent_covered_display": "0", "missing_lines": 1, "excluded_lines": 0}, "missing_lines": [441], "excluded_lines": []}, "create_app.health_check": {"executed_lines": [], "summary": {"covered_lines": 0, "num_statements": 1, "percent_covered": 0.0, "percent_covered_display": "0", "missing_lines": 1, "excluded_lines": 0}, "missing_lines": [446], "excluded_lines": []}, "create_app.handle_mcp_options": {"executed_lines": [], "summary": {"covered_lines": 0, "num_statements": 1, "percent_covered": 0.0, "percent_covered_display": "0", "missing_lines": 1, "excluded_lines": 0}, "missing_lines": [457], "excluded_lines": []}, "create_app.handle_mcp": {"executed_lines": [], "summary": {"covered_lines": 0, "num_statements": 21, "percent_covered": 0.0, "percent_covered_display": "0", "missing_lines": 21, "excluded_lines": 0}, "missing_lines": [463, 464, 466, 467, 468, 470, 471, 472, 475, 478, 479, 481, 483, 486, 487, 488, 489, 491, 493, 494, 495], "excluded_lines": []}, "create_app.handle_mcp_trailing": {"executed_lines": [], "summary": {"covered_lines": 0, "num_statements": 1, "percent_covered": 0.0, "percent_covered_display": "0", "missing_lines": 1, "excluded_lines": 0}, "missing_lines": [504], "excluded_lines": []}, "": {"executed_lines": [], "summary": {"covered_lines": 0, "num_statements": 31, "percent_covered": 0.0, "percent_covered_display": "0", "missing_lines": 31, "excluded_lines": 0}, "missing_lines": [2, 3, 4, 5, 6, 7, 8, 9, 10, 12, 15, 18, 32, 48, 71, 84, 114, 161, 182, 243, 267, 270, 278, 282, 292, 310, 380, 404, 405, 406, 409], "excluded_lines": []}}, "classes": {"MCPSession": {"executed_lines": [], "summary": {"covered_lines": 0, "num_statements": 120, "percent_covered": 0.0, "percent_covered_display": "0", "missing_lines": 120, "excluded_lines": 0}, "missing_lines": [19, 20, 21, 22, 23, 24, 25, 26, 27, 28, 29, 30, 34, 36, 44, 50, 51, 52, 53, 54, 56, 57, 58, 60, 61, 62, 63, 64, 65, 67, 68, 69, 73, 75, 77, 78, 79, 82, 86, 87, 90, 92, 93, 95, 96, 99, 100, 101, 103, 105, 106, 107, 108, 109, 110, 112, 116, 119, 121, 137, 139, 140, 142, 143, 144, 147, 153, 156, 158, 159, 163, 165, 172, 174, 175, 176, 178, 179, 180, 184, 185, 186, 188, 191, 192, 195, 196, 197, 198, 201, 206, 209, 211, 213, 216, 226, 227, 229, 232, 235, 236, 237, 239, 240, 241, 245, 247, 248, 251, 252, 253, 254, 256, 257, 258, 259, 260, 261, 262, 264], "excluded_lines": []}, "MCPSessionManager": {"executed_lines": [], "summary": {"covered_lines": 0, "num_statements": 64, "percent_covered": 0.0, "percent_covered_display": "0", "missing_lines": 64, "excluded_lines": 0}, "missing_lines": [271, 272, 273, 274, 276, 280, 284, 285, 288, 289, 290, 294, 295, 297, 298, 299, 300, 303, 304, 305, 307, 308, 312, 315, 317, 318, 319, 322, 323, 331, 334, 335, 338, 341, 342, 345, 347, 350, 352, 360, 363, 364, 372, 375, 376, 377, 378, 382, 383, 384, 385, 386, 388, 389, 390, 392, 393, 394, 395, 396, 398, 399, 400, 401], "excluded_lines": []}, "": {"executed_lines": [], "summary": {"covered_lines": 0, "num_statements": 78, "percent_covered": 0.0, "percent_covered_display": "0", "missing_lines": 78, "excluded_lines": 0}, "missing_lines": [2, 3, 4, 5, 6, 7, 8, 9, 10, 12, 15, 18, 32, 48, 71, 84, 114, 161, 182, 243, 267, 270, 278, 282, 292, 310, 380, 404, 405, 406, 409, 411, 414, 415, 417, 418, 426, 428, 431, 433, 434, 436, 438, 439, 441, 443, 444, 446, 452, 453, 457, 459, 460, 463, 464, 466, 467, 468, 470, 471, 472, 475, 478, 479, 481, 483, 486, 487, 488, 489, 491, 493, 494, 495, 500, 501, 504, 506], "excluded_lines": []}}}, "mcp-streamablehttp-proxy/src/mcp_streamablehttp_proxy/server.py": {"executed_lines": [], "summary": {"covered_lines": 0, "num_statements": 10, "percent_covered": 0.0, "percent_covered_display": "0", "missing_lines": 10, "excluded_lines": 0}, "missing_lines": [2, 3, 4, 5, 7, 10, 27, 29, 32, 35], "excluded_lines": [], "functions": {"run_server": {"executed_lines": [], "summary": {"covered_lines": 0, "num_statements": 4, "percent_covered": 0.0, "percent_covered_display": "0", "missing_lines": 4, "excluded_lines": 0}, "missing_lines": [27, 29, 32, 35], "excluded_lines": []}, "": {"executed_lines": [], "summary": {"covered_lines": 0, "num_statements": 6, "percent_covered": 0.0, "percent_covered_display": "0", "missing_lines": 6, "excluded_lines": 0}, "missing_lines": [2, 3, 4, 5, 7, 10], "excluded_lines": []}}, "classes": {"": {"executed_lines": [], "summary": {"covered_lines": 0, "num_statements": 10, "percent_covered": 0.0, "percent_covered_display": "0", "missing_lines": 10, "excluded_lines": 0}, "missing_lines": [2, 3, 4, 5, 7, 10, 27, 29, 32, 35], "excluded_lines": []}}}, "scripts/__init__.py": {"executed_lines": [], "summary": {"covered_lines": 0, "num_statements": 0, "percent_covered": 100.0, "percent_covered_display": "100", "missing_lines": 0, "excluded_lines": 0}, "missing_lines": [], "excluded_lines": [], "functions": {"": {"executed_lines": [], "summary": {"covered_lines": 0, "num_statements": 0, "percent_covered": 100.0, "percent_covered_display": "100", "missing_lines": 0, "excluded_lines": 0}, "missing_lines": [], "excluded_lines": []}}, "classes": {"": {"executed_lines": [], "summary": {"covered_lines": 0, "num_statements": 0, "percent_covered": 100.0, "percent_covered_display": "100", "missing_lines": 0, "excluded_lines": 0}, "missing_lines": [], "excluded_lines": []}}}, "scripts/analyze_fixture_cleanup.py": {"executed_lines": [], "summary": {"covered_lines": 0, "num_statements": 119, "percent_covered": 0.0, "percent_covered_display": "0", "missing_lines": 119, "excluded_lines": 0}, "missing_lines": [7, 8, 9, 10, 12, 14, 19, 20, 21, 22, 23, 24, 25, 26, 28, 30, 35, 36, 37, 38, 39, 40, 41, 42, 44, 46, 51, 52, 53, 54, 55, 56, 57, 58, 60, 62, 63, 65, 66, 67, 70, 72, 81, 82, 85, 92, 94, 95, 96, 98, 99, 100, 103, 104, 105, 107, 108, 109, 110, 111, 112, 113, 114, 115, 118, 119, 120, 122, 123, 124, 125, 126, 127, 128, 130, 131, 132, 133, 134, 135, 136, 137, 139, 140, 141, 142, 143, 144, 145, 146, 149, 150, 151, 153, 154, 155, 156, 158, 159, 160, 161, 162, 163, 164, 165, 166, 167, 168, 169, 170, 171, 173, 174, 175, 176, 177, 178, 180, 181], "excluded_lines": [], "functions": {"find_registered_client_usage": {"executed_lines": [], "summary": {"covered_lines": 0, "num_statements": 9, "percent_covered": 0.0, "percent_covered_display": "0", "missing_lines": 9, "excluded_lines": 0}, "missing_lines": [14, 19, 20, 21, 22, 23, 24, 25, 26], "excluded_lines": []}, "find_direct_registrations": {"executed_lines": [], "summary": {"covered_lines": 0, "num_statements": 9, "percent_covered": 0.0, "percent_covered_display": "0", "missing_lines": 9, "excluded_lines": 0}, "missing_lines": [30, 35, 36, 37, 38, 39, 40, 41, 42], "excluded_lines": []}, "find_cleanup_patterns": {"executed_lines": [], "summary": {"covered_lines": 0, "num_statements": 9, "percent_covered": 0.0, "percent_covered_display": "0", "missing_lines": 9, "excluded_lines": 0}, "missing_lines": [46, 51, 52, 53, 54, 55, 56, 57, 58], "excluded_lines": []}, "analyze_test_file": {"executed_lines": [], "summary": {"covered_lines": 0, "num_statements": 7, "percent_covered": 0.0, "percent_covered_display": "0", "missing_lines": 7, "excluded_lines": 0}, "missing_lines": [62, 63, 65, 66, 67, 70, 72], "excluded_lines": []}, "main": {"executed_lines": [], "summary": {"covered_lines": 0, "num_statements": 74, "percent_covered": 0.0, "percent_covered_display": "0", "missing_lines": 74, "excluded_lines": 0}, "missing_lines": [82, 85, 92, 94, 95, 96, 98, 99, 100, 103, 104, 105, 107, 108, 109, 110, 111, 112, 113, 114, 115, 118, 119, 120, 122, 123, 124, 125, 126, 127, 128, 130, 131, 132, 133, 134, 135, 136, 137, 139, 140, 141, 142, 143, 144, 145, 146, 149, 150, 151, 153, 154, 155, 156, 158, 159, 160, 161, 162, 163, 164, 165, 166, 167, 168, 169, 170, 171, 173, 174, 175, 176, 177, 178], "excluded_lines": []}, "": {"executed_lines": [], "summary": {"covered_lines": 0, "num_statements": 11, "percent_covered": 0.0, "percent_covered_display": "0", "missing_lines": 11, "excluded_lines": 0}, "missing_lines": [7, 8, 9, 10, 12, 28, 44, 60, 81, 180, 181], "excluded_lines": []}}, "classes": {"": {"executed_lines": [], "summary": {"covered_lines": 0, "num_statements": 119, "percent_covered": 0.0, "percent_covered_display": "0", "missing_lines": 119, "excluded_lines": 0}, "missing_lines": [7, 8, 9, 10, 12, 14, 19, 20, 21, 22, 23, 24, 25, 26, 28, 30, 35, 36, 37, 38, 39, 40, 41, 42, 44, 46, 51, 52, 53, 54, 55, 56, 57, 58, 60, 62, 63, 65, 66, 67, 70, 72, 81, 82, 85, 92, 94, 95, 96, 98, 99, 100, 103, 104, 105, 107, 108, 109, 110, 111, 112, 113, 114, 115, 118, 119, 120, 122, 123, 124, 125, 126, 127, 128, 130, 131, 132, 133, 134, 135, 136, 137, 139, 140, 141, 142, 143, 144, 145, 146, 149, 150, 151, 153, 154, 155, 156, 158, 159, 160, 161, 162, 163, 164, 165, 166, 167, 168, 169, 170, 171, 173, 174, 175, 176, 177, 178, 180, 181], "excluded_lines": []}}}, "scripts/analyze_oauth_logs.py": {"executed_lines": [], "summary": {"covered_lines": 0, "num_statements": 64, "percent_covered": 0.0, "percent_covered_display": "0", "missing_lines": 64, "excluded_lines": 0}, "missing_lines": [6, 7, 8, 9, 10, 11, 12, 15, 17, 27, 28, 31, 32, 33, 34, 35, 36, 37, 39, 42, 44, 47, 48, 49, 50, 52, 53, 55, 56, 57, 58, 60, 61, 64, 65, 67, 69, 70, 71, 74, 76, 92, 93, 95, 96, 97, 98, 100, 101, 104, 106, 107, 109, 110, 112, 113, 115, 118, 120, 121, 122, 123, 126, 127], "excluded_lines": [], "functions": {"analyze_logs": {"executed_lines": [], "summary": {"covered_lines": 0, "num_statements": 11, "percent_covered": 0.0, "percent_covered_display": "0", "missing_lines": 11, "excluded_lines": 0}, "missing_lines": [17, 27, 28, 31, 32, 33, 34, 35, 36, 37, 39], "excluded_lines": []}, "analyze_line": {"executed_lines": [], "summary": {"covered_lines": 0, "num_statements": 19, "percent_covered": 0.0, "percent_covered_display": "0", "missing_lines": 19, "excluded_lines": 0}, "missing_lines": [44, 47, 48, 49, 50, 52, 53, 55, 56, 57, 58, 60, 61, 64, 65, 67, 69, 70, 71], "excluded_lines": []}, "generate_report": {"executed_lines": [], "summary": {"covered_lines": 0, "num_statements": 17, "percent_covered": 0.0, "percent_covered_display": "0", "missing_lines": 17, "excluded_lines": 0}, "missing_lines": [76, 92, 93, 95, 96, 97, 98, 100, 101, 104, 106, 107, 109, 110, 112, 113, 115], "excluded_lines": []}, "main": {"executed_lines": [], "summary": {"covered_lines": 0, "num_statements": 4, "percent_covered": 0.0, "percent_covered_display": "0", "missing_lines": 4, "excluded_lines": 0}, "missing_lines": [120, 121, 122, 123], "excluded_lines": []}, "": {"executed_lines": [], "summary": {"covered_lines": 0, "num_statements": 13, "percent_covered": 0.0, "percent_covered_display": "0", "missing_lines": 13, "excluded_lines": 0}, "missing_lines": [6, 7, 8, 9, 10, 11, 12, 15, 42, 74, 118, 126, 127], "excluded_lines": []}}, "classes": {"": {"executed_lines": [], "summary": {"covered_lines": 0, "num_statements": 64, "percent_covered": 0.0, "percent_covered_display": "0", "missing_lines": 64, "excluded_lines": 0}, "missing_lines": [6, 7, 8, 9, 10, 11, 12, 15, 17, 27, 28, 31, 32, 33, 34, 35, 36, 37, 39, 42, 44, 47, 48, 49, 50, 52, 53, 55, 56, 57, 58, 60, 61, 64, 65, 67, 69, 70, 71, 74, 76, 92, 93, 95, 96, 97, 98, 100, 101, 104, 106, 107, 109, 110, 112, 113, 115, 118, 120, 121, 122, 123, 126, 127], "excluded_lines": []}}}, "scripts/analyze_registration_cleanup.py": {"executed_lines": [], "summary": {"covered_lines": 0, "num_statements": 79, "percent_covered": 0.0, "percent_covered_display": "0", "missing_lines": 79, "excluded_lines": 0}, "missing_lines": [7, 8, 9, 10, 12, 14, 21, 22, 23, 24, 25, 26, 27, 28, 30, 32, 40, 41, 42, 43, 44, 45, 46, 47, 49, 51, 53, 54, 55, 57, 58, 60, 61, 63, 64, 70, 72, 73, 74, 77, 78, 80, 81, 82, 84, 87, 88, 89, 91, 92, 93, 94, 95, 96, 97, 98, 99, 100, 102, 103, 104, 105, 106, 107, 108, 111, 112, 113, 114, 115, 116, 118, 119, 120, 121, 122, 123, 125, 126], "excluded_lines": [], "functions": {"find_registration_patterns": {"executed_lines": [], "summary": {"covered_lines": 0, "num_statements": 9, "percent_covered": 0.0, "percent_covered_display": "0", "missing_lines": 9, "excluded_lines": 0}, "missing_lines": [14, 21, 22, 23, 24, 25, 26, 27, 28], "excluded_lines": []}, "find_cleanup_patterns": {"executed_lines": [], "summary": {"covered_lines": 0, "num_statements": 9, "percent_covered": 0.0, "percent_covered_display": "0", "missing_lines": 9, "excluded_lines": 0}, "missing_lines": [32, 40, 41, 42, 43, 44, 45, 46, 47], "excluded_lines": []}, "analyze_test_files": {"executed_lines": [], "summary": {"covered_lines": 0, "num_statements": 11, "percent_covered": 0.0, "percent_covered_display": "0", "missing_lines": 11, "excluded_lines": 0}, "missing_lines": [51, 53, 54, 55, 57, 58, 60, 61, 63, 64, 70], "excluded_lines": []}, "main": {"executed_lines": [], "summary": {"covered_lines": 0, "num_statements": 40, "percent_covered": 0.0, "percent_covered_display": "0", "missing_lines": 40, "excluded_lines": 0}, "missing_lines": [73, 74, 77, 78, 80, 81, 82, 84, 87, 88, 89, 91, 92, 93, 94, 95, 96, 97, 98, 99, 100, 102, 103, 104, 105, 106, 107, 108, 111, 112, 113, 114, 115, 116, 118, 119, 120, 121, 122, 123], "excluded_lines": []}, "": {"executed_lines": [], "summary": {"covered_lines": 0, "num_statements": 10, "percent_covered": 0.0, "percent_covered_display": "0", "missing_lines": 10, "excluded_lines": 0}, "missing_lines": [7, 8, 9, 10, 12, 30, 49, 72, 125, 126], "excluded_lines": []}}, "classes": {"": {"executed_lines": [], "summary": {"covered_lines": 0, "num_statements": 79, "percent_covered": 0.0, "percent_covered_display": "0", "missing_lines": 79, "excluded_lines": 0}, "missing_lines": [7, 8, 9, 10, 12, 14, 21, 22, 23, 24, 25, 26, 27, 28, 30, 32, 40, 41, 42, 43, 44, 45, 46, 47, 49, 51, 53, 54, 55, 57, 58, 60, 61, 63, 64, 70, 72, 73, 74, 77, 78, 80, 81, 82, 84, 87, 88, 89, 91, 92, 93, 94, 95, 96, 97, 98, 99, 100, 102, 103, 104, 105, 106, 107, 108, 111, 112, 113, 114, 115, 116, 118, 119, 120, 121, 122, 123, 125, 126], "excluded_lines": []}}}, "scripts/backup_oauth_data.py": {"executed_lines": [], "summary": {"covered_lines": 0, "num_statements": 143, "percent_covered": 0.0, "percent_covered_display": "0", "missing_lines": 143, "excluded_lines": 0}, "missing_lines": [6, 7, 8, 9, 10, 11, 12, 14, 15, 18, 21, 24, 26, 27, 31, 33, 35, 38, 40, 41, 44, 46, 47, 48, 49, 50, 53, 54, 55, 57, 58, 60, 61, 63, 64, 67, 68, 70, 72, 80, 81, 82, 83, 84, 85, 87, 89, 107, 118, 119, 120, 121, 123, 124, 128, 129, 131, 132, 135, 136, 137, 139, 140, 141, 142, 143, 144, 145, 146, 148, 149, 152, 159, 160, 161, 162, 165, 166, 167, 168, 169, 170, 171, 172, 173, 174, 175, 177, 180, 182, 184, 185, 188, 190, 191, 192, 194, 195, 198, 199, 201, 203, 205, 207, 208, 209, 211, 214, 215, 218, 219, 221, 222, 224, 226, 228, 230, 231, 234, 235, 237, 249, 251, 253, 254, 257, 259, 261, 262, 264, 265, 268, 269, 272, 275, 276, 277, 278, 279, 281, 284, 287, 288], "excluded_lines": [], "functions": {"OAuthBackup.__init__": {"executed_lines": [], "summary": {"covered_lines": 0, "num_statements": 25, "percent_covered": 0.0, "percent_covered_display": "0", "missing_lines": 25, "excluded_lines": 0}, "missing_lines": [26, 27, 31, 33, 35, 38, 40, 41, 44, 46, 47, 48, 49, 50, 53, 54, 55, 57, 58, 60, 61, 63, 64, 67, 68], "excluded_lines": []}, "OAuthBackup.connect": {"executed_lines": [], "summary": {"covered_lines": 0, "num_statements": 7, "percent_covered": 0.0, "percent_covered_display": "0", "missing_lines": 7, "excluded_lines": 0}, "missing_lines": [72, 80, 81, 82, 83, 84, 85], "excluded_lines": []}, "OAuthBackup.backup_all_data": {"executed_lines": [], "summary": {"covered_lines": 0, "num_statements": 56, "percent_covered": 0.0, "percent_covered_display": "0", "missing_lines": 56, "excluded_lines": 0}, "missing_lines": [89, 107, 118, 119, 120, 121, 123, 124, 128, 129, 131, 132, 135, 136, 137, 139, 140, 141, 142, 143, 144, 145, 146, 148, 149, 152, 159, 160, 161, 162, 165, 166, 167, 168, 169, 170, 171, 172, 173, 174, 175, 177, 180, 182, 184, 185, 188, 190, 191, 192, 194, 195, 198, 199, 201, 203], "excluded_lines": []}, "OAuthBackup.save_backup": {"executed_lines": [], "summary": {"covered_lines": 0, "num_statements": 11, "percent_covered": 0.0, "percent_covered_display": "0", "missing_lines": 11, "excluded_lines": 0}, "missing_lines": [207, 208, 209, 211, 214, 215, 218, 219, 221, 222, 224], "excluded_lines": []}, "OAuthBackup.list_backups": {"executed_lines": [], "summary": {"covered_lines": 0, "num_statements": 7, "percent_covered": 0.0, "percent_covered_display": "0", "missing_lines": 7, "excluded_lines": 0}, "missing_lines": [228, 230, 231, 234, 235, 237, 249], "excluded_lines": []}, "OAuthBackup.cleanup": {"executed_lines": [], "summary": {"covered_lines": 0, "num_statements": 2, "percent_covered": 0.0, "percent_covered_display": "0", "missing_lines": 2, "excluded_lines": 0}, "missing_lines": [253, 254], "excluded_lines": []}, "main": {"executed_lines": [], "summary": {"covered_lines": 0, "num_statements": 15, "percent_covered": 0.0, "percent_covered_display": "0", "missing_lines": 15, "excluded_lines": 0}, "missing_lines": [259, 261, 262, 264, 265, 268, 269, 272, 275, 276, 277, 278, 279, 281, 284], "excluded_lines": []}, "": {"executed_lines": [], "summary": {"covered_lines": 0, "num_statements": 20, "percent_covered": 0.0, "percent_covered_display": "0", "missing_lines": 20, "excluded_lines": 0}, "missing_lines": [6, 7, 8, 9, 10, 11, 12, 14, 15, 18, 21, 24, 70, 87, 205, 226, 251, 257, 287, 288], "excluded_lines": []}}, "classes": {"OAuthBackup": {"executed_lines": [], "summary": {"covered_lines": 0, "num_statements": 108, "percent_covered": 0.0, "percent_covered_display": "0", "missing_lines": 108, "excluded_lines": 0}, "missing_lines": [26, 27, 31, 33, 35, 38, 40, 41, 44, 46, 47, 48, 49, 50, 53, 54, 55, 57, 58, 60, 61, 63, 64, 67, 68, 72, 80, 81, 82, 83, 84, 85, 89, 107, 118, 119, 120, 121, 123, 124, 128, 129, 131, 132, 135, 136, 137, 139, 140, 141, 142, 143, 144, 145, 146, 148, 149, 152, 159, 160, 161, 162, 165, 166, 167, 168, 169, 170, 171, 172, 173, 174, 175, 177, 180, 182, 184, 185, 188, 190, 191, 192, 194, 195, 198, 199, 201, 203, 207, 208, 209, 211, 214, 215, 218, 219, 221, 222, 224, 228, 230, 231, 234, 235, 237, 249, 253, 254], "excluded_lines": []}, "": {"executed_lines": [], "summary": {"covered_lines": 0, "num_statements": 35, "percent_covered": 0.0, "percent_covered_display": "0", "missing_lines": 35, "excluded_lines": 0}, "missing_lines": [6, 7, 8, 9, 10, 11, 12, 14, 15, 18, 21, 24, 70, 87, 205, 226, 251, 257, 259, 261, 262, 264, 265, 268, 269, 272, 275, 276, 277, 278, 279, 281, 284, 287, 288], "excluded_lines": []}}}, "scripts/callback_receiver.py": {"executed_lines": [], "summary": {"covered_lines": 0, "num_statements": 51, "percent_covered": 0.0, "percent_covered_display": "0", "missing_lines": 51, "excluded_lines": 0}, "missing_lines": [6, 7, 8, 9, 12, 13, 14, 15, 16, 17, 19, 21, 23, 24, 25, 26, 31, 32, 33, 35, 40, 45, 47, 48, 50, 51, 53, 54, 56, 57, 59, 61, 63, 64, 65, 66, 68, 69, 71, 72, 74, 77, 79, 80, 82, 83, 84, 85, 87, 90, 91], "excluded_lines": [], "functions": {"CallbackReceiver.__init__": {"executed_lines": [], "summary": {"covered_lines": 0, "num_statements": 4, "percent_covered": 0.0, "percent_covered_display": "0", "missing_lines": 4, "excluded_lines": 0}, "missing_lines": [14, 15, 16, 17], "excluded_lines": []}, "CallbackReceiver.callback_handler": {"executed_lines": [], "summary": {"covered_lines": 0, "num_statements": 10, "percent_covered": 0.0, "percent_covered_display": "0", "missing_lines": 10, "excluded_lines": 0}, "missing_lines": [21, 23, 24, 25, 26, 31, 32, 33, 35, 40], "excluded_lines": []}, "CallbackReceiver.start_server": {"executed_lines": [], "summary": {"covered_lines": 0, "num_statements": 8, "percent_covered": 0.0, "percent_covered_display": "0", "missing_lines": 8, "excluded_lines": 0}, "missing_lines": [47, 48, 50, 51, 53, 54, 56, 57], "excluded_lines": []}, "CallbackReceiver.wait_for_callback": {"executed_lines": [], "summary": {"covered_lines": 0, "num_statements": 10, "percent_covered": 0.0, "percent_covered_display": "0", "missing_lines": 10, "excluded_lines": 0}, "missing_lines": [61, 63, 64, 65, 66, 68, 69, 71, 72, 74], "excluded_lines": []}, "main": {"executed_lines": [], "summary": {"covered_lines": 0, "num_statements": 7, "percent_covered": 0.0, "percent_covered_display": "0", "missing_lines": 7, "excluded_lines": 0}, "missing_lines": [79, 80, 82, 83, 84, 85, 87], "excluded_lines": []}, "": {"executed_lines": [], "summary": {"covered_lines": 0, "num_statements": 12, "percent_covered": 0.0, "percent_covered_display": "0", "missing_lines": 12, "excluded_lines": 0}, "missing_lines": [6, 7, 8, 9, 12, 13, 19, 45, 59, 77, 90, 91], "excluded_lines": []}}, "classes": {"CallbackReceiver": {"executed_lines": [], "summary": {"covered_lines": 0, "num_statements": 32, "percent_covered": 0.0, "percent_covered_display": "0", "missing_lines": 32, "excluded_lines": 0}, "missing_lines": [14, 15, 16, 17, 21, 23, 24, 25, 26, 31, 32, 33, 35, 40, 47, 48, 50, 51, 53, 54, 56, 57, 61, 63, 64, 65, 66, 68, 69, 71, 72, 74], "excluded_lines": []}, "": {"executed_lines": [], "summary": {"covered_lines": 0, "num_statements": 19, "percent_covered": 0.0, "percent_covered_display": "0", "missing_lines": 19, "excluded_lines": 0}, "missing_lines": [6, 7, 8, 9, 12, 13, 19, 45, 59, 77, 79, 80, 82, 83, 84, 85, 87, 90, 91], "excluded_lines": []}}}, "scripts/capture_mcp_env.py": {"executed_lines": [], "summary": {"covered_lines": 0, "num_statements": 59, "percent_covered": 0.0, "percent_covered_display": "0", "missing_lines": 59, "excluded_lines": 0}, "missing_lines": [5, 6, 7, 8, 10, 12, 14, 15, 17, 18, 19, 20, 21, 22, 24, 26, 27, 29, 30, 32, 34, 35, 37, 38, 39, 40, 41, 43, 44, 46, 48, 50, 51, 52, 55, 56, 60, 61, 62, 65, 68, 80, 81, 82, 83, 85, 87, 88, 91, 94, 96, 97, 98, 99, 100, 101, 103, 105, 106], "excluded_lines": [], "functions": {"save_env_var": {"executed_lines": [], "summary": {"covered_lines": 0, "num_statements": 13, "percent_covered": 0.0, "percent_covered_display": "0", "missing_lines": 13, "excluded_lines": 0}, "missing_lines": [14, 15, 17, 18, 19, 20, 21, 22, 24, 26, 27, 29, 30], "excluded_lines": []}, "extract_env_vars": {"executed_lines": [], "summary": {"covered_lines": 0, "num_statements": 10, "percent_covered": 0.0, "percent_covered_display": "0", "missing_lines": 10, "excluded_lines": 0}, "missing_lines": [34, 35, 37, 38, 39, 40, 41, 43, 44, 46], "excluded_lines": []}, "main": {"executed_lines": [], "summary": {"covered_lines": 0, "num_statements": 26, "percent_covered": 0.0, "percent_covered_display": "0", "missing_lines": 26, "excluded_lines": 0}, "missing_lines": [50, 51, 52, 55, 56, 60, 61, 62, 65, 68, 80, 81, 82, 83, 85, 87, 88, 91, 94, 96, 97, 98, 99, 100, 101, 103], "excluded_lines": []}, "": {"executed_lines": [], "summary": {"covered_lines": 0, "num_statements": 10, "percent_covered": 0.0, "percent_covered_display": "0", "missing_lines": 10, "excluded_lines": 0}, "missing_lines": [5, 6, 7, 8, 10, 12, 32, 48, 105, 106], "excluded_lines": []}}, "classes": {"": {"executed_lines": [], "summary": {"covered_lines": 0, "num_statements": 59, "percent_covered": 0.0, "percent_covered_display": "0", "missing_lines": 59, "excluded_lines": 0}, "missing_lines": [5, 6, 7, 8, 10, 12, 14, 15, 17, 18, 19, 20, 21, 22, 24, 26, 27, 29, 30, 32, 34, 35, 37, 38, 39, 40, 41, 43, 44, 46, 48, 50, 51, 52, 55, 56, 60, 61, 62, 65, 68, 80, 81, 82, 83, 85, 87, 88, 91, 94, 96, 97, 98, 99, 100, 101, 103, 105, 106], "excluded_lines": []}}}, "scripts/capture_mcp_env_interactive.py": {"executed_lines": [], "summary": {"covered_lines": 0, "num_statements": 60, "percent_covered": 0.0, "percent_covered_display": "0", "missing_lines": 60, "excluded_lines": 0}, "missing_lines": [6, 7, 8, 9, 10, 11, 13, 15, 17, 18, 20, 21, 22, 23, 24, 25, 27, 29, 30, 32, 33, 35, 37, 38, 40, 41, 42, 43, 44, 46, 47, 49, 51, 53, 54, 55, 58, 61, 62, 64, 67, 70, 73, 74, 77, 78, 79, 82, 84, 85, 86, 87, 88, 89, 91, 93, 97, 98, 100, 101], "excluded_lines": [], "functions": {"save_env_var": {"executed_lines": [], "summary": {"covered_lines": 0, "num_statements": 13, "percent_covered": 0.0, "percent_covered_display": "0", "missing_lines": 13, "excluded_lines": 0}, "missing_lines": [17, 18, 20, 21, 22, 23, 24, 25, 27, 29, 30, 32, 33], "excluded_lines": []}, "extract_env_vars": {"executed_lines": [], "summary": {"covered_lines": 0, "num_statements": 10, "percent_covered": 0.0, "percent_covered_display": "0", "missing_lines": 10, "excluded_lines": 0}, "missing_lines": [37, 38, 40, 41, 42, 43, 44, 46, 47, 49], "excluded_lines": []}, "main": {"executed_lines": [], "summary": {"covered_lines": 0, "num_statements": 25, "percent_covered": 0.0, "percent_covered_display": "0", "missing_lines": 25, "excluded_lines": 0}, "missing_lines": [53, 54, 55, 58, 61, 62, 64, 67, 70, 73, 74, 77, 78, 79, 82, 84, 85, 86, 87, 88, 89, 91, 93, 97, 98], "excluded_lines": []}, "": {"executed_lines": [], "summary": {"covered_lines": 0, "num_statements": 12, "percent_covered": 0.0, "percent_covered_display": "0", "missing_lines": 12, "excluded_lines": 0}, "missing_lines": [6, 7, 8, 9, 10, 11, 13, 15, 35, 51, 100, 101], "excluded_lines": []}}, "classes": {"": {"executed_lines": [], "summary": {"covered_lines": 0, "num_statements": 60, "percent_covered": 0.0, "percent_covered_display": "0", "missing_lines": 60, "excluded_lines": 0}, "missing_lines": [6, 7, 8, 9, 10, 11, 13, 15, 17, 18, 20, 21, 22, 23, 24, 25, 27, 29, 30, 32, 33, 35, 37, 38, 40, 41, 42, 43, 44, 46, 47, 49, 51, 53, 54, 55, 58, 61, 62, 64, 67, 70, 73, 74, 77, 78, 79, 82, 84, 85, 86, 87, 88, 89, 91, 93, 97, 98, 100, 101], "excluded_lines": []}}}, "scripts/check_claude_clients.py": {"executed_lines": [], "summary": {"covered_lines": 0, "num_statements": 24, "percent_covered": 0.0, "percent_covered_display": "0", "missing_lines": 24, "excluded_lines": 0}, "missing_lines": [3, 4, 5, 6, 7, 9, 11, 12, 13, 16, 17, 19, 20, 22, 23, 24, 25, 26, 28, 29, 30, 31, 33, 35], "excluded_lines": [], "functions": {"check": {"executed_lines": [], "summary": {"covered_lines": 0, "num_statements": 16, "percent_covered": 0.0, "percent_covered_display": "0", "missing_lines": 16, "excluded_lines": 0}, "missing_lines": [12, 13, 16, 17, 19, 20, 22, 23, 24, 25, 26, 28, 29, 30, 31, 33], "excluded_lines": []}, "": {"executed_lines": [], "summary": {"covered_lines": 0, "num_statements": 8, "percent_covered": 0.0, "percent_covered_display": "0", "missing_lines": 8, "excluded_lines": 0}, "missing_lines": [3, 4, 5, 6, 7, 9, 11, 35], "excluded_lines": []}}, "classes": {"": {"executed_lines": [], "summary": {"covered_lines": 0, "num_statements": 24, "percent_covered": 0.0, "percent_covered_display": "0", "missing_lines": 24, "excluded_lines": 0}, "missing_lines": [3, 4, 5, 6, 7, 9, 11, 12, 13, 16, 17, 19, 20, 22, 23, 24, 25, 26, 28, 29, 30, 31, 33, 35], "excluded_lines": []}}}, "scripts/check_services_ready.py": {"executed_lines": [], "summary": {"covered_lines": 0, "num_statements": 158, "percent_covered": 0.0, "percent_covered_display": "0", "missing_lines": 158, "excluded_lines": 0}, "missing_lines": [5, 6, 7, 8, 9, 10, 13, 14, 15, 16, 18, 20, 21, 22, 23, 24, 26, 28, 29, 31, 32, 33, 35, 36, 37, 40, 41, 42, 43, 44, 45, 46, 47, 48, 49, 50, 51, 54, 56, 57, 59, 60, 61, 63, 64, 65, 67, 68, 70, 72, 73, 74, 76, 77, 78, 80, 81, 83, 84, 85, 87, 88, 90, 92, 94, 95, 96, 98, 99, 100, 102, 103, 105, 107, 108, 109, 111, 112, 113, 115, 116, 118, 120, 122, 124, 126, 127, 128, 130, 131, 132, 134, 135, 136, 137, 138, 140, 142, 144, 145, 146, 147, 148, 149, 150, 151, 153, 154, 155, 158, 159, 160, 162, 163, 166, 168, 170, 179, 181, 182, 183, 184, 186, 187, 189, 191, 193, 194, 195, 197, 200, 201, 202, 205, 206, 207, 210, 211, 212, 215, 218, 221, 222, 223, 225, 226, 227, 228, 229, 230, 232, 234, 235, 236, 238, 239, 241, 242], "excluded_lines": [], "functions": {"run_command": {"executed_lines": [], "summary": {"covered_lines": 0, "num_statements": 5, "percent_covered": 0.0, "percent_cove
[...]
ed_lines": [], "summary": {"covered_lines": 0, "num_statements": 40, "percent_covered": 0.0, "percent_covered_display": "0", "missing_lines": 40, "excluded_lines": 0}, "missing_lines": [7, 8, 9, 10, 13, 15, 16, 19, 22, 23, 26, 27, 28, 29, 31, 32, 34, 37, 38, 41, 42, 43, 44, 45, 48, 49, 50, 53, 54, 55, 56, 58, 59, 61, 62, 63, 66, 68, 69, 71], "excluded_lines": [], "functions": {"test_env_vars": {"executed_lines": [], "summary": {"covered_lines": 0, "num_statements": 28, "percent_covered": 0.0, "percent_covered_display": "0", "missing_lines": 28, "excluded_lines": 0}, "missing_lines": [22, 23, 26, 27, 28, 29, 31, 32, 34, 37, 38, 41, 42, 43, 44, 45, 48, 49, 50, 53, 54, 55, 56, 58, 59, 61, 62, 63], "excluded_lines": []}, "": {"executed_lines": [], "summary": {"covered_lines": 0, "num_statements": 12, "percent_covered": 0.0, "percent_covered_display": "0", "missing_lines": 12, "excluded_lines": 0}, "missing_lines": [7, 8, 9, 10, 13, 15, 16, 19, 66, 68, 69, 71], "excluded_lines": []}}, "classes": {"": {"executed_lines": [], "summary": {"covered_lines": 0, "num_statements": 40, "percent_covered": 0.0, "percent_covered_display": "0", "missing_lines": 40, "excluded_lines": 0}, "missing_lines": [7, 8, 9, 10, 13, 15, 16, 19, 22, 23, 26, 27, 28, 29, 31, 32, 34, 37, 38, 41, 42, 43, 44, 45, 48, 49, 50, 53, 54, 55, 56, 58, 59, 61, 62, 63, 66, 68, 69, 71], "excluded_lines": []}}}, "scripts/test_mcp_hostnames.py": {"executed_lines": [], "summary": {"covered_lines": 0, "num_statements": 75, "percent_covered": 0.0, "percent_covered_display": "0", "missing_lines": 75, "excluded_lines": 0}, "missing_lines": [7, 8, 9, 10, 11, 12, 13, 16, 19, 20, 23, 24, 26, 27, 28, 29, 32, 35, 38, 39, 41, 42, 45, 60, 61, 62, 65, 97, 99, 106, 108, 109, 111, 113, 114, 115, 116, 119, 121, 122, 125, 126, 127, 128, 131, 132, 133, 134, 137, 140, 141, 143, 144, 146, 147, 148, 150, 151, 153, 155, 156, 159, 160, 162, 163, 164, 165, 168, 170, 173, 185, 240, 241, 244, 245], "excluded_lines": [], "functions": {"test_mcp_hostname": {"executed_lines": [], "summary": {"covered_lines": 0, "num_statements": 19, "percent_covered": 0.0, "percent_covered_display": "0", "missing_lines": 19, "excluded_lines": 0}, "missing_lines": [38, 39, 41, 42, 45, 60, 61, 62, 65, 97, 99, 106, 108, 109, 111, 113, 114, 115, 116], "excluded_lines": []}, "test_all_hostnames": {"executed_lines": [], "summary": {"covered_lines": 0, "num_statements": 29, "percent_covered": 0.0, "percent_covered_display": "0", "missing_lines": 29, "excluded_lines": 0}, "missing_lines": [121, 122, 125, 126, 127, 128, 131, 132, 133, 134, 137, 140, 141, 143, 144, 146, 147, 148, 150, 151, 153, 155, 156, 159, 160, 162, 163, 164, 165], "excluded_lines": []}, "test_fetch_capability": {"executed_lines": [], "summary": {"covered_lines": 0, "num_statements": 5, "percent_covered": 0.0, "percent_covered_display": "0", "missing_lines": 5, "excluded_lines": 0}, "missing_lines": [170, 173, 185, 240, 241], "excluded_lines": []}, "": {"executed_lines": [], "summary": {"covered_lines": 0, "num_statements": 22, "percent_covered": 0.0, "percent_covered_display": "0", "missing_lines": 22, "excluded_lines": 0}, "missing_lines": [7, 8, 9, 10, 11, 12, 13, 16, 19, 20, 23, 24, 26, 27, 28, 29, 32, 35, 119, 168, 244, 245], "excluded_lines": []}}, "classes": {"": {"executed_lines": [], "summary": {"covered_lines": 0, "num_statements": 75, "percent_covered": 0.0, "percent_covered_display": "0", "missing_lines": 75, "excluded_lines": 0}, "missing_lines": [7, 8, 9, 10, 11, 12, 13, 16, 19, 20, 23, 24, 26, 27, 28, 29, 32, 35, 38, 39, 41, 42, 45, 60, 61, 62, 65, 97, 99, 106, 108, 109, 111, 113, 114, 115, 116, 119, 121, 122, 125, 126, 127, 128, 131, 132, 133, 134, 137, 140, 141, 143, 144, 146, 147, 148, 150, 151, 153, 155, 156, 159, 160, 162, 163, 164, 165, 168, 170, 173, 185, 240, 241, 244, 245], "excluded_lines": []}}}, "scripts/test_mcp_redirect.py": {"executed_lines": [], "summary": {"covered_lines": 0, "num_statements": 23, "percent_covered": 0.0, "percent_covered_display": "0", "missing_lines": 23, "excluded_lines": 0}, "missing_lines": [3, 4, 5, 8, 9, 10, 11, 13, 16, 17, 26, 27, 28, 29, 32, 33, 42, 43, 46, 47, 56, 57, 58], "excluded_lines": [], "functions": {"": {"executed_lines": [], "summary": {"covered_lines": 0, "num_statements": 23, "percent_covered": 0.0, "percent_covered_display": "0", "missing_lines": 23, "excluded_lines": 0}, "missing_lines": [3, 4, 5, 8, 9, 10, 11, 13, 16, 17, 26, 27, 28, 29, 32, 33, 42, 43, 46, 47, 56, 57, 58], "excluded_lines": []}}, "classes": {"": {"executed_lines": [], "summary": {"covered_lines": 0, "num_statements": 23, "percent_covered": 0.0, "percent_covered_display": "0", "missing_lines": 23, "excluded_lines": 0}, "missing_lines": [3, 4, 5, 8, 9, 10, 11, 13, 16, 17, 26, 27, 28, 29, 32, 33, 42, 43, 46, 47, 56, 57, 58], "excluded_lines": []}}}, "scripts/test_missing_service_label.py": {"executed_lines": [], "summary": {"covered_lines": 0, "num_statements": 18, "percent_covered": 0.0, "percent_covered_display": "0", "missing_lines": 18, "excluded_lines": 0}, "missing_lines": [7, 19, 20, 22, 23, 26, 27, 29, 30, 31, 33, 34, 35, 36, 37, 38, 40, 41], "excluded_lines": [], "functions": {"": {"executed_lines": [], "summary": {"covered_lines": 0, "num_statements": 18, "percent_covered": 0.0, "percent_covered_display": "0", "missing_lines": 18, "excluded_lines": 0}, "missing_lines": [7, 19, 20, 22, 23, 26, 27, 29, 30, 31, 33, 34, 35, 36, 37, 38, 40, 41], "excluded_lines": []}}, "classes": {"": {"executed_lines": [], "summary": {"covered_lines": 0, "num_statements": 18, "percent_covered": 0.0, "percent_covered_display": "0", "missing_lines": 18, "excluded_lines": 0}, "missing_lines": [7, 19, 20, 22, 23, 26, 27, 29, 30, 31, 33, 34, 35, 36, 37, 38, 40, 41], "excluded_lines": []}}}, "scripts/test_routing_simulation.py": {"executed_lines": [], "summary": {"covered_lines": 0, "num_statements": 40, "percent_covered": 0.0, "percent_covered_display": "0", "missing_lines": 40, "excluded_lines": 0}, "missing_lines": [6, 8, 9, 11, 12, 13, 16, 17, 19, 21, 22, 23, 24, 25, 27, 29, 31, 33, 34, 35, 36, 37, 38, 40, 41, 44, 45, 46, 48, 64, 67, 68, 69, 71, 86, 89, 90, 91, 93, 94], "excluded_lines": [], "functions": {"test_traefik_routing": {"executed_lines": [], "summary": {"covered_lines": 0, "num_statements": 24, "percent_covered": 0.0, "percent_covered_display": "0", "missing_lines": 24, "excluded_lines": 0}, "missing_lines": [8, 9, 11, 12, 13, 16, 17, 19, 21, 22, 23, 24, 25, 27, 29, 31, 33, 34, 35, 36, 37, 38, 40, 41], "excluded_lines": []}, "": {"executed_lines": [], "summary": {"covered_lines": 0, "num_statements": 16, "percent_covered": 0.0, "percent_covered_display": "0", "missing_lines": 16, "excluded_lines": 0}, "missing_lines": [6, 44, 45, 46, 48, 64, 67, 68, 69, 71, 86, 89, 90, 91, 93, 94], "excluded_lines": []}}, "classes": {"": {"executed_lines": [], "summary": {"covered_lines": 0, "num_statements": 40, "percent_covered": 0.0, "percent_covered_display": "0", "missing_lines": 40, "excluded_lines": 0}, "missing_lines": [6, 8, 9, 11, 12, 13, 16, 17, 19, 21, 22, 23, 24, 25, 27, 29, 31, 33, 34, 35, 36, 37, 38, 40, 41, 44, 45, 46, 48, 64, 67, 68, 69, 71, 86, 89, 90, 91, 93, 94], "excluded_lines": []}}}, "scripts/validate_tokens.py": {"executed_lines": [], "summary": {"covered_lines": 0, "num_statements": 165, "percent_covered": 0.0, "percent_covered_display": "0", "missing_lines": 165, "excluded_lines": 0}, "missing_lines": [6, 7, 8, 9, 10, 11, 12, 13, 14, 17, 19, 20, 21, 22, 23, 26, 28, 30, 31, 33, 34, 35, 38, 39, 40, 41, 42, 43, 44, 47, 49, 50, 51, 52, 54, 55, 57, 58, 59, 61, 62, 63, 65, 66, 67, 70, 72, 73, 74, 76, 78, 79, 80, 85, 86, 87, 89, 90, 91, 93, 94, 95, 98, 100, 101, 102, 104, 106, 107, 108, 113, 114, 115, 117, 118, 120, 121, 122, 125, 127, 128, 129, 137, 138, 139, 140, 141, 142, 143, 145, 146, 148, 149, 150, 153, 155, 156, 157, 159, 162, 163, 164, 165, 166, 167, 168, 169, 170, 172, 173, 176, 177, 178, 179, 181, 183, 186, 187, 188, 189, 190, 192, 193, 195, 196, 198, 199, 202, 203, 204, 206, 207, 208, 209, 211, 212, 215, 216, 217, 218, 220, 223, 224, 225, 226, 227, 228, 229, 230, 231, 233, 235, 236, 238, 239, 240, 241, 242, 244, 245, 246, 247, 248, 251, 252], "excluded_lines": [], "functions": {"check_env_var": {"executed_lines": [], "summary": {"covered_lines": 0, "num_statements": 5, "percent_covered": 0.0, "percent_covered_display": "0", "missing_lines": 5, "excluded_lines": 0}, "missing_lines": [19, 20, 21, 22, 23], "excluded_lines": []}, "decode_jwt_token": {"executed_lines": [], "summary": {"covered_lines": 0, "num_statements": 13, "percent_covered": 0.0, "percent_covered_display": "0", "missing_lines": 13, "excluded_lines": 0}, "missing_lines": [28, 30, 31, 33, 34, 35, 38, 39, 40, 41, 42, 43, 44], "excluded_lines": []}, "check_token_expiry": {"executed_lines": [], "summary": {"covered_lines": 0, "num_statements": 15, "percent_covered": 0.0, "percent_covered_display": "0", "missing_lines": 15, "excluded_lines": 0}, "missing_lines": [49, 50, 51, 52, 54, 55, 57, 58, 59, 61, 62, 63, 65, 66, 67], "excluded_lines": []}, "test_auth_service": {"executed_lines": [], "summary": {"covered_lines": 0, "num_statements": 16, "percent_covered": 0.0, "percent_covered_display": "0", "missing_lines": 16, "excluded_lines": 0}, "missing_lines": [72, 73, 74, 76, 78, 79, 80, 85, 86, 87, 89, 90, 91, 93, 94, 95], "excluded_lines": []}, "test_mcp_service": {"executed_lines": [], "summary": {"covered_lines": 0, "num_statements": 15, "percent_covered": 0.0, "percent_covered_display": "0", "missing_lines": 15, "excluded_lines": 0}, "missing_lines": [100, 101, 102, 104, 106, 107, 108, 113, 114, 115, 117, 118, 120, 121, 122], "excluded_lines": []}, "test_github_pat": {"executed_lines": [], "summary": {"covered_lines": 0, "num_statements": 15, "percent_covered": 0.0, "percent_covered_display": "0", "missing_lines": 15, "excluded_lines": 0}, "missing_lines": [127, 128, 129, 137, 138, 139, 140, 141, 142, 143, 145, 146, 148, 149, 150], "excluded_lines": []}, "main": {"executed_lines": [], "summary": {"covered_lines": 0, "num_statements": 68, "percent_covered": 0.0, "percent_covered_display": "0", "missing_lines": 68, "excluded_lines": 0}, "missing_lines": [155, 156, 157, 159, 162, 163, 164, 165, 166, 167, 168, 169, 170, 172, 173, 176, 177, 178, 179, 181, 183, 186, 187, 188, 189, 190, 192, 193, 195, 196, 198, 199, 202, 203, 204, 206, 207, 208, 209, 211, 212, 215, 216, 217, 218, 220, 223, 224, 225, 226, 227, 228, 229, 230, 231, 233, 235, 236, 238, 239, 240, 241, 242, 244, 245, 246, 247, 248], "excluded_lines": []}, "": {"executed_lines": [], "summary": {"covered_lines": 0, "num_statements": 18, "percent_covered": 0.0, "percent_covered_display": "0", "missing_lines": 18, "excluded_lines": 0}, "missing_lines": [6, 7, 8, 9, 10, 11, 12, 13, 14, 17, 26, 47, 70, 98, 125, 153, 251, 252], "excluded_lines": []}}, "classes": {"": {"executed_lines": [], "summary": {"covered_lines": 0, "num_statements": 165, "percent_covered": 0.0, "percent_covered_display": "0", "missing_lines": 165, "excluded_lines": 0}, "missing_lines": [6, 7, 8, 9, 10, 11, 12, 13, 14, 17, 19, 20, 21, 22, 23, 26, 28, 30, 31, 33, 34, 35, 38, 39, 40, 41, 42, 43, 44, 47, 49, 50, 51, 52, 54, 55, 57, 58, 59, 61, 62, 63, 65, 66, 67, 70, 72, 73, 74, 76, 78, 79, 80, 85, 86, 87, 89, 90, 91, 93, 94, 95, 98, 100, 101, 102, 104, 106, 107, 108, 113, 114, 115, 117, 118, 120, 121, 122, 125, 127, 128, 129, 137, 138, 139, 140, 141, 142, 143, 145, 146, 148, 149, 150, 153, 155, 156, 157, 159, 162, 163, 164, 165, 166, 167, 168, 169, 170, 172, 173, 176, 177, 178, 179, 181, 183, 186, 187, 188, 189, 190, 192, 193, 195, 196, 198, 199, 202, 203, 204, 206, 207, 208, 209, 211, 212, 215, 216, 217, 218, 220, 223, 224, 225, 226, 227, 228, 229, 230, 231, 233, 235, 236, 238, 239, 240, 241, 242, 244, 245, 246, 247, 248, 251, 252], "excluded_lines": []}}}, "scripts/verify_test_completeness.py": {"executed_lines": [], "summary": {"covered_lines": 0, "num_statements": 92, "percent_covered": 0.0, "percent_covered_display": "0", "missing_lines": 92, "excluded_lines": 0}, "missing_lines": [6, 7, 8, 11, 14, 15, 16, 17, 18, 19, 20, 22, 23, 24, 25, 26, 27, 30, 33, 34, 40, 42, 44, 46, 48, 49, 52, 54, 56, 58, 60, 61, 64, 65, 66, 69, 70, 71, 73, 75, 77, 78, 80, 81, 83, 86, 88, 89, 92, 93, 95, 96, 97, 98, 99, 100, 101, 102, 105, 107, 108, 110, 111, 112, 113, 114, 116, 118, 120, 121, 123, 125, 126, 127, 128, 129, 130, 132, 133, 134, 135, 136, 137, 138, 139, 140, 141, 143, 144, 145, 148, 149], "excluded_lines": [], "functions": {"TestCompletenessChecker.__init__": {"executed_lines": [], "summary": {"covered_lines": 0, "num_statements": 6, "percent_covered": 0.0, "percent_covered_display": "0", "missing_lines": 6, "excluded_lines": 0}, "missing_lines": [15, 16, 17, 18, 19, 20], "excluded_lines": []}, "TestCompletenessChecker.visit_FunctionDef": {"executed_lines": [], "summary": {"covered_lines": 0, "num_statements": 10, "percent_covered": 0.0, "percent_covered_display": "0", "missing_lines": 10, "excluded_lines": 0}, "missing_lines": [23, 24, 25, 26, 27, 30, 33, 34, 40, 42], "excluded_lines": []}, "TestCompletenessChecker.visit_Compare": {"executed_lines": [], "summary": {"covered_lines": 0, "num_statements": 5, "percent_covered": 0.0, "percent_covered_display": "0", "missing_lines": 5, "excluded_lines": 0}, "missing_lines": [46, 48, 49, 52, 54], "excluded_lines": []}, "TestCompletenessChecker.visit_Assert": {"executed_lines": [], "summary": {"covered_lines": 0, "num_statements": 10, "percent_covered": 0.0, "percent_covered_display": "0", "missing_lines": 10, "excluded_lines": 0}, "missing_lines": [58, 60, 61, 64, 65, 66, 69, 70, 71, 73], "excluded_lines": []}, "TestCompletenessChecker.visit_Call": {"executed_lines": [], "summary": {"covered_lines": 0, "num_statements": 5, "percent_covered": 0.0, "percent_covered_display": "0", "missing_lines": 5, "excluded_lines": 0}, "missing_lines": [77, 78, 80, 81, 83], "excluded_lines": []}, "check_test_file": {"executed_lines": [], "summary": {"covered_lines": 0, "num_statements": 12, "percent_covered": 0.0, "percent_covered_display": "0", "missing_lines": 12, "excluded_lines": 0}, "missing_lines": [88, 89, 92, 93, 95, 96, 97, 98, 99, 100, 101, 102], "excluded_lines": []}, "main": {"executed_lines": [], "summary": {"covered_lines": 0, "num_statements": 31, "percent_covered": 0.0, "percent_covered_display": "0", "missing_lines": 31, "excluded_lines": 0}, "missing_lines": [107, 108, 110, 111, 112, 113, 114, 116, 118, 120, 121, 123, 125, 126, 127, 128, 129, 130, 132, 133, 134, 135, 136, 137, 138, 139, 140, 141, 143, 144, 145], "excluded_lines": []}, "": {"executed_lines": [], "summary": {"covered_lines": 0, "num_statements": 13, "percent_covered": 0.0, "percent_covered_display": "0", "missing_lines": 13, "excluded_lines": 0}, "missing_lines": [6, 7, 8, 11, 14, 22, 44, 56, 75, 86, 105, 148, 149], "excluded_lines": []}}, "classes": {"TestCompletenessChecker": {"executed_lines": [], "summary": {"covered_lines": 0, "num_statements": 36, "percent_covered": 0.0, "percent_covered_display": "0", "missing_lines": 36, "excluded_lines": 0}, "missing_lines": [15, 16, 17, 18, 19, 20, 23, 24, 25, 26, 27, 30, 33, 34, 40, 42, 46, 48, 49, 52, 54, 58, 60, 61, 64, 65, 66, 69, 70, 71, 73, 77, 78, 80, 81, 83], "excluded_lines": []}, "": {"executed_lines": [], "summary": {"covered_lines": 0, "num_statements": 56, "percent_covered": 0.0, "percent_covered_display": "0", "missing_lines": 56, "excluded_lines": 0}, "missing_lines": [6, 7, 8, 11, 14, 22, 44, 56, 75, 86, 88, 89, 92, 93, 95, 96, 97, 98, 99, 100, 101, 102, 105, 107, 108, 110, 111, 112, 113, 114, 116, 118, 120, 121, 123, 125, 126, 127, 128, 129, 130, 132, 133, 134, 135, 136, 137, 138, 139, 140, 141, 143, 144, 145, 148, 149], "excluded_lines": []}}}, "scripts/view_oauth_backup.py": {"executed_lines": [], "summary": {"covered_lines": 0, "num_statements": 103, "percent_covered": 0.0, "percent_covered_display": "0", "missing_lines": 103, "excluded_lines": 0}, "missing_lines": [6, 7, 8, 9, 12, 16, 17, 18, 19, 20, 21, 22, 23, 24, 27, 28, 29, 30, 31, 34, 35, 36, 37, 38, 39, 42, 43, 44, 45, 46, 47, 49, 50, 51, 52, 53, 54, 55, 56, 57, 58, 61, 62, 63, 64, 65, 66, 68, 69, 70, 71, 72, 73, 74, 75, 76, 77, 78, 81, 82, 83, 84, 85, 86, 88, 89, 90, 91, 92, 93, 94, 95, 96, 98, 99, 100, 101, 102, 105, 106, 107, 108, 110, 111, 112, 113, 115, 116, 119, 121, 123, 124, 125, 126, 127, 128, 129, 131, 132, 134, 135, 138, 139], "excluded_lines": [], "functions": {"view_backup": {"executed_lines": [], "summary": {"covered_lines": 0, "num_statements": 83, "percent_covered": 0.0, "percent_covered_display": "0", "missing_lines": 83, "excluded_lines": 0}, "missing_lines": [16, 17, 18, 19, 20, 21, 22, 23, 24, 27, 28, 29, 30, 31, 34, 35, 36, 37, 38, 39, 42, 43, 44, 45, 46, 47, 49, 50, 51, 52, 53, 54, 55, 56, 57, 58, 61, 62, 63, 64, 65, 66, 68, 69, 70, 71, 72, 73, 74, 75, 76, 77, 78, 81, 82, 83, 84, 85, 86, 88, 89, 90, 91, 92, 93, 94, 95, 96, 98, 99, 100, 101, 102, 105, 106, 107, 108, 110, 111, 112, 113, 115, 116], "excluded_lines": []}, "main": {"executed_lines": [], "summary": {"covered_lines": 0, "num_statements": 12, "percent_covered": 0.0, "percent_covered_display": "0", "missing_lines": 12, "excluded_lines": 0}, "missing_lines": [121, 123, 124, 125, 126, 127, 128, 129, 131, 132, 134, 135], "excluded_lines": []}, "": {"executed_lines": [], "summary": {"covered_lines": 0, "num_statements": 8, "percent_covered": 0.0, "percent_covered_display": "0", "missing_lines": 8, "excluded_lines": 0}, "missing_lines": [6, 7, 8, 9, 12, 119, 138, 139], "excluded_lines": []}}, "classes": {"": {"executed_lines": [], "summary": {"covered_lines": 0, "num_statements": 103, "percent_covered": 0.0, "percent_covered_display": "0", "missing_lines": 103, "excluded_lines": 0}, "missing_lines": [6, 7, 8, 9, 12, 16, 17, 18, 19, 20, 21, 22, 23, 24, 27, 28, 29, 30, 31, 34, 35, 36, 37, 38, 39, 42, 43, 44, 45, 46, 47, 49, 50, 51, 52, 53, 54, 55, 56, 57, 58, 61, 62, 63, 64, 65, 66, 68, 69, 70, 71, 72, 73, 74, 75, 76, 77, 78, 81, 82, 83, 84, 85, 86, 88, 89, 90, 91, 92, 93, 94, 95, 96, 98, 99, 100, 101, 102, 105, 106, 107, 108, 110, 111, 112, 113, 115, 116, 119, 121, 123, 124, 125, 126, 127, 128, 129, 131, 132, 134, 135, 138, 139], "excluded_lines": []}}}, "scripts/wait_for_coverage.py": {"executed_lines": [], "summary": {"covered_lines": 0, "num_statements": 31, "percent_covered": 0.0, "percent_covered_display": "0", "missing_lines": 31, "excluded_lines": 0}, "missing_lines": [5, 6, 7, 9, 10, 11, 13, 15, 16, 18, 19, 21, 22, 24, 25, 26, 27, 29, 30, 31, 33, 35, 36, 37, 38, 39, 40, 41, 43, 45, 46], "excluded_lines": [], "functions": {"check_coverage_files": {"executed_lines": [], "summary": {"covered_lines": 0, "num_statements": 4, "percent_covered": 0.0, "percent_covered_display": "0", "missing_lines": 4, "excluded_lines": 0}, "missing_lines": [15, 16, 18, 19], "excluded_lines": []}, "main": {"executed_lines": [], "summary": {"covered_lines": 0, "num_statements": 17, "percent_covered": 0.0, "percent_covered_display": "0", "missing_lines": 17, "excluded_lines": 0}, "missing_lines": [22, 24, 25, 26, 27, 29, 30, 31, 33, 35, 36, 37, 38, 39, 40, 41, 43], "excluded_lines": []}, "": {"executed_lines": [], "summary": {"covered_lines": 0, "num_statements": 10, "percent_covered": 0.0, "percent_covered_display": "0", "missing_lines": 10, "excluded_lines": 0}, "missing_lines": [5, 6, 7, 9, 10, 11, 13, 21, 45, 46], "excluded_lines": []}}, "classes": {"": {"executed_lines": [], "summary": {"covered_lines": 0, "num_statements": 31, "percent_covered": 0.0, "percent_covered_display": "0", "missing_lines": 31, "excluded_lines": 0}, "missing_lines": [5, 6, 7, 9, 10, 11, 13, 15, 16, 18, 19, 21, 22, 24, 25, 26, 27, 29, 30, 31, 33, 35, 36, 37, 38, 39, 40, 41, 43, 45, 46], "excluded_lines": []}}}}, "totals": {"covered_lines": 0, "num_statements": 5502, "percent_covered": 0.0, "percent_covered_display": "0", "missing_lines": 5502, "excluded_lines": 0}}
